Using pre-set license
Built from '2020.3/release' branch; Version is '2020.3.7f1 (dd97f2c94397) revision 14522354'; Using compiler version '192528614'; Build Type 'Release'
OS: 'Windows 10 Pro; OS build 19043.1023; Version 2009; 64bit' Language: 'it' Physical Memory: 16329 MB
BatchMode: 1, IsHumanControllingUs: 0, StartBugReporterOnCrash: 0, Is64bit: 1, IsPro: 0

 COMMAND LINE ARGUMENTS:
C:\Program Files\Unity\Hub\Editor\2020.3.7f1\Editor\Unity.exe
-adb2
-batchMode
-noUpm
-name
AssetImportWorker0
-projectPath
C:/Users/matteo/Documents/Progetti/Unity/RHS
-logFile
Logs/AssetImportWorker0.log
-srvPort
55889
Successfully changed project path to: C:/Users/matteo/Documents/Progetti/Unity/RHS
C:/Users/matteo/Documents/Progetti/Unity/RHS
Using Asset Import Pipeline V2.
Refreshing native plugins compatible for Editor in 190.59 ms, found 1 plugins.
Preloading 0 native plugins for Editor in 0.00 ms.
Initialize engine version: 2020.3.7f1 (dd97f2c94397)
[Subsystems] Discovering subsystems at path C:/Program Files/Unity/Hub/Editor/2020.3.7f1/Editor/Data/Resources/UnitySubsystems
[Subsystems] Discovering subsystems at path C:/Users/matteo/Documents/Progetti/Unity/RHS/Assets
GfxDevice: creating device client; threaded=0
Direct3D:
    Version:  Direct3D 11.0 [level 11.1]
    Renderer: NVIDIA GeForce GTX 1080 (ID=0x1b80)
    Vendor:   
    VRAM:     8079 MB
    Driver:   27.21.14.6647
Shader 'Universal Render Pipeline/Particles/Lit': fallback shader 'Universal Render Pipeline/Particles/SimpleLit' not found
Initialize mono
Mono path[0] = 'C:/Program Files/Unity/Hub/Editor/2020.3.7f1/Editor/Data/Managed'
Mono path[1] = 'C:/Program Files/Unity/Hub/Editor/2020.3.7f1/Editor/Data/MonoBleedingEdge/lib/mono/unityjit'
Mono config path = 'C:/Program Files/Unity/Hub/Editor/2020.3.7f1/Editor/Data/MonoBleedingEdge/etc'
Using monoOptions --debugger-agent=transport=dt_socket,embedding=1,server=y,suspend=n,address=127.0.0.1:56668
Begin MonoManager ReloadAssembly
Registering precompiled unity dll's ...
Register platform support module: C:/Program Files/Unity/Hub/Editor/2020.3.7f1/Editor/Data/PlaybackEngines/WindowsStandaloneSupport/UnityEditor.WindowsStandalone.Extensions.dll
Registered in 0.002843 seconds.
Native extension for WindowsStandalone target not found
Refreshing native plugins compatible for Editor in 51.92 ms, found 1 plugins.
Preloading 0 native plugins for Editor in 0.00 ms.
Mono: successfully reloaded assembly
- Completed reload, in  4.247 seconds
Platform modules already initialized, skipping
Registering precompiled user dll's ...
Registered in 0.004331 seconds.
Begin MonoManager ReloadAssembly
Native extension for WindowsStandalone target not found
Refreshing native plugins compatible for Editor in 51.10 ms, found 1 plugins.
Preloading 0 native plugins for Editor in 0.00 ms.
Mono: successfully reloaded assembly
- Completed reload, in  0.919 seconds
Platform modules already initialized, skipping
========================================================================
Worker process is ready to serve import requests
Shader 'Universal Render Pipeline/Particles/Lit': fallback shader 'Universal Render Pipeline/Particles/SimpleLit' not found
Launched and connected shader compiler UnityShaderCompiler.exe after 0.09 seconds
Refreshing native plugins compatible for Editor in 0.53 ms, found 1 plugins.
Preloading 0 native plugins for Editor in 0.00 ms.
Unloading 3232 Unused Serialized files (Serialized files now loaded: 0)
System memory in use before: 139.0 MB.
System memory in use after: 139.1 MB.

Unloading 24 unused Assets to reduce memory usage. Loaded Objects now: 3675.
Total: 3.668200 ms (FindLiveObjects: 0.341500 ms CreateObjectMapping: 0.085400 ms MarkObjects: 2.885100 ms  DeleteObjects: 0.354800 ms)

========================================================================
Received Import Request.
  path: Assets/Sprites/Kizan/Kizan_sheet.png
  artifactKey: Guid(3892f00035efb9442bfdcedcbbd4bb86) Importer(815301076,1909f56bfc062723c751e8b465ee728b)
Start importing Assets/Sprites/Kizan/Kizan_sheet.png using Guid(3892f00035efb9442bfdcedcbbd4bb86) Importer(815301076,1909f56bfc062723c751e8b465ee728b)  -> (artifact id: 'd39e4367d871bf568561f550d15d54f3') in 0.050897 seconds
  Import took 0.055716 seconds .

========================================================================
Received Import Request.
  Time since last request: 85.466248 seconds.
  path: Assets/Sprites/Kizan/Kizan_sheet.png
  artifactKey: Guid(3892f00035efb9442bfdcedcbbd4bb86) Importer(815301076,1909f56bfc062723c751e8b465ee728b)
Start importing Assets/Sprites/Kizan/Kizan_sheet.png using Guid(3892f00035efb9442bfdcedcbbd4bb86) Importer(815301076,1909f56bfc062723c751e8b465ee728b)  -> (artifact id: '47a4b64a75316a42831637ef748bce4f') in 0.048859 seconds
  Import took 0.053546 seconds .

========================================================================
Received Import Request.
  Time since last request: 21.217890 seconds.
  path: Assets/Assets.index
  artifactKey: Guid(1bc597eba5089884291bfb6cc07f8fb0) Importer(815301076,1909f56bfc062723c751e8b465ee728b)
Start importing Assets/Assets.index using Guid(1bc597eba5089884291bfb6cc07f8fb0) Importer(815301076,1909f56bfc062723c751e8b465ee728b)  -> (artifact id: '20bd3fe1e50853919a57622086d5e241') in 0.029204 seconds
  Import took 0.034447 seconds .

========================================================================
Received Import Request.
  Time since last request: 22.816201 seconds.
  path: Assets/Prefabs/Bosses/Slayer.prefab
  artifactKey: Guid(f69d644d16f2ed449bb0258f45c5e013) Importer(815301076,1909f56bfc062723c751e8b465ee728b)
Start importing Assets/Prefabs/Bosses/Slayer.prefab using Guid(f69d644d16f2ed449bb0258f45c5e013) Importer(815301076,1909f56bfc062723c751e8b465ee728b)  -> (artifact id: '441218f3ede6022d46f77f4ed0c6b350') in 0.173044 seconds
  Import took 0.178192 seconds .

========================================================================
Received Prepare
Registering precompiled user dll's ...
Registered in 0.001407 seconds.
Begin MonoManager ReloadAssembly
Native extension for WindowsStandalone target not found
Refreshing native plugins compatible for Editor in 0.52 ms, found 1 plugins.
Preloading 0 native plugins for Editor in 0.00 ms.
Mono: successfully reloaded assembly
- Completed reload, in  0.814 seconds
Platform modules already initialized, skipping
Switching build target platform(5) subTarget(0) extendedPlatform(0) -> platform(13) subTarget(537395204) extendedPlatform(0)
Shader 'Universal Render Pipeline/Particles/Lit': fallback shader 'Universal Render Pipeline/Particles/SimpleLit' not found
Refreshing native plugins compatible for Editor in 0.53 ms, found 1 plugins.
Preloading 0 native plugins for Editor in 0.00 ms.
Unloading 3123 Unused Serialized files (Serialized files now loaded: 0)
System memory in use before: 135.7 MB.
System memory in use after: 135.8 MB.

Unloading 14 unused Assets to reduce memory usage. Loaded Objects now: 3729.
Total: 2.518700 ms (FindLiveObjects: 0.297500 ms CreateObjectMapping: 0.078900 ms MarkObjects: 2.041600 ms  DeleteObjects: 0.099700 ms)

AssetImportParameters requested are different than current active one (requested -> active):
  custom:graphics/normal-map-encoding: 01000000000000000000000000000000 -> 02000000000000000000000000000000
========================================================================
Received Prepare
Registering precompiled user dll's ...
Registered in 0.001507 seconds.
Begin MonoManager ReloadAssembly
Native extension for WindowsStandalone target not found
Refreshing native plugins compatible for Editor in 0.54 ms, found 1 plugins.
Preloading 0 native plugins for Editor in 0.00 ms.
Mono: successfully reloaded assembly
- Completed reload, in  0.800 seconds
Platform modules already initialized, skipping
Switching build target platform(5) subTarget(0) extendedPlatform(0) -> platform(13) subTarget(537395204) extendedPlatform(0)
Shader 'Universal Render Pipeline/Particles/Lit': fallback shader 'Universal Render Pipeline/Particles/SimpleLit' not found
Refreshing native plugins compatible for Editor in 0.55 ms, found 1 plugins.
Preloading 0 native plugins for Editor in 0.00 ms.
Unloading 3123 Unused Serialized files (Serialized files now loaded: 0)
System memory in use before: 135.7 MB.
System memory in use after: 135.8 MB.

Unloading 13 unused Assets to reduce memory usage. Loaded Objects now: 3733.
Total: 2.501900 ms (FindLiveObjects: 0.356200 ms CreateObjectMapping: 0.094700 ms MarkObjects: 1.965500 ms  DeleteObjects: 0.084500 ms)

AssetImportParameters requested are different than current active one (requested -> active):
  custom:graphics/normal-map-encoding: 01000000000000000000000000000000 -> 02000000000000000000000000000000
========================================================================
Received Import Request.
  Time since last request: 168.430628 seconds.
  path: Assets/StateMachines/Slasher.controller
  artifactKey: Guid(86afb481e2600a8488ab6cc49ca31ee7) Importer(815301076,1909f56bfc062723c751e8b465ee728b)
Start importing Assets/StateMachines/Slasher.controller using Guid(86afb481e2600a8488ab6cc49ca31ee7) Importer(815301076,1909f56bfc062723c751e8b465ee728b)  -> (artifact id: 'b432c3e75e565659f28af500ae4c7cb7') in 0.023452 seconds
  Import took 0.028403 seconds .

========================================================================
Received Import Request.
  Time since last request: 560.732928 seconds.
  path: Assets/Animations/Bosses/Slayer/dash.anim
  artifactKey: Guid(34fc2bb2ddd81554da3191095e925c9e) Importer(815301076,1909f56bfc062723c751e8b465ee728b)
Start importing Assets/Animations/Bosses/Slayer/dash.anim using Guid(34fc2bb2ddd81554da3191095e925c9e) Importer(815301076,1909f56bfc062723c751e8b465ee728b)  -> (artifact id: '6374ccd84f81ea288ed32916a483f76c') in 0.008508 seconds
  Import took 0.013496 seconds .

========================================================================
Received Import Request.
  Time since last request: 0.658543 seconds.
  path: Assets/Animations/Bosses/Slayer/idle.anim
  artifactKey: Guid(dac1bc045c2b8f445acb3a47b08f75b0) Importer(815301076,1909f56bfc062723c751e8b465ee728b)
Start importing Assets/Animations/Bosses/Slayer/idle.anim using Guid(dac1bc045c2b8f445acb3a47b08f75b0) Importer(815301076,1909f56bfc062723c751e8b465ee728b)  -> (artifact id: '80640034ce67c75952b7548c406ac9d1') in 0.006631 seconds
  Import took 0.011831 seconds .

========================================================================
Received Import Request.
  Time since last request: 0.002337 seconds.
  path: Assets/Animations/Bosses/Slayer/idle.anim
  artifactKey: Guid(dac1bc045c2b8f445acb3a47b08f75b0) Importer(815301076,1909f56bfc062723c751e8b465ee728b)
Start importing Assets/Animations/Bosses/Slayer/idle.anim using Guid(dac1bc045c2b8f445acb3a47b08f75b0) Importer(815301076,1909f56bfc062723c751e8b465ee728b)  -> (artifact id: '80640034ce67c75952b7548c406ac9d1') in 0.002598 seconds
  Import took 0.007290 seconds .

========================================================================
Received Import Request.
  Time since last request: 2.333710 seconds.
  path: Assets/Animations/Bosses/Slayer/phase_transition.anim
  artifactKey: Guid(caae7653ebcba9e4d8a2be1fc0e49ad1) Importer(815301076,1909f56bfc062723c751e8b465ee728b)
Start importing Assets/Animations/Bosses/Slayer/phase_transition.anim using Guid(caae7653ebcba9e4d8a2be1fc0e49ad1) Importer(815301076,1909f56bfc062723c751e8b465ee728b)  -> (artifact id: '8d872f44623a6d4bf62989376a243f5c') in 0.006622 seconds
  Import took 0.012552 seconds .

========================================================================
Received Import Request.
  Time since last request: 0.010238 seconds.
  path: Assets/Animations/Bosses/Slayer/phase_transition.anim
  artifactKey: Guid(caae7653ebcba9e4d8a2be1fc0e49ad1) Importer(815301076,1909f56bfc062723c751e8b465ee728b)
Start importing Assets/Animations/Bosses/Slayer/phase_transition.anim using Guid(caae7653ebcba9e4d8a2be1fc0e49ad1) Importer(815301076,1909f56bfc062723c751e8b465ee728b)  -> (artifact id: '8d872f44623a6d4bf62989376a243f5c') in 0.002883 seconds
  Import took 0.007381 seconds .

========================================================================
Received Import Request.
  Time since last request: 0.429282 seconds.
  path: Assets/Animations/Bosses/Slayer/run.anim
  artifactKey: Guid(a1df628b157ac0e44acd2aaabfa19cbd) Importer(815301076,1909f56bfc062723c751e8b465ee728b)
Start importing Assets/Animations/Bosses/Slayer/run.anim using Guid(a1df628b157ac0e44acd2aaabfa19cbd) Importer(815301076,1909f56bfc062723c751e8b465ee728b)  -> (artifact id: 'f155319a1e5d2dcf89b8034e76bab709') in 0.005707 seconds
  Import took 0.014940 seconds .

========================================================================
Received Import Request.
  Time since last request: 62.324573 seconds.
  path: Assets/Assets.index
  artifactKey: Guid(1bc597eba5089884291bfb6cc07f8fb0) Importer(815301076,1909f56bfc062723c751e8b465ee728b)
Start importing Assets/Assets.index using Guid(1bc597eba5089884291bfb6cc07f8fb0) Importer(815301076,1909f56bfc062723c751e8b465ee728b)  -> (artifact id: '6ca03160a633aa95fb089e6d25ab0b58') in 0.023711 seconds
  Import took 0.034520 seconds .

========================================================================
Received Import Request.
  Time since last request: 13.503189 seconds.
  path: Assets/EventChannels/New Folder
  artifactKey: Guid(0c545d16ed0cad24abe3166426dda590) Importer(815301076,1909f56bfc062723c751e8b465ee728b)
Start importing Assets/EventChannels/New Folder using Guid(0c545d16ed0cad24abe3166426dda590) Importer(815301076,1909f56bfc062723c751e8b465ee728b)  -> (artifact id: 'b4afa73e1e0eb1b7bfc5438fb7f27d18') in 0.005705 seconds
  Import took 0.010764 seconds .

========================================================================
Received Import Request.
  Time since last request: 15.572700 seconds.
  path: Assets/EventChannels/BossAnimationChannel.asset
  artifactKey: Guid(72cb60d6d98f68a43b64a2dc66be7219) Importer(815301076,1909f56bfc062723c751e8b465ee728b)
Start importing Assets/EventChannels/BossAnimationChannel.asset using Guid(72cb60d6d98f68a43b64a2dc66be7219) Importer(815301076,1909f56bfc062723c751e8b465ee728b)  -> (artifact id: 'fb55f14280a6e6148a4495b4829033e3') in 0.008043 seconds
  Import took 0.012940 seconds .

========================================================================
Received Prepare
Registering precompiled user dll's ...
Registered in 0.001455 seconds.
Begin MonoManager ReloadAssembly
Native extension for WindowsStandalone target not found
Refreshing native plugins compatible for Editor in 0.52 ms, found 1 plugins.
Preloading 0 native plugins for Editor in 0.00 ms.
Mono: successfully reloaded assembly
- Completed reload, in  0.808 seconds
Platform modules already initialized, skipping
Switching build target platform(5) subTarget(0) extendedPlatform(0) -> platform(13) subTarget(537395204) extendedPlatform(0)
Shader 'Universal Render Pipeline/Particles/Lit': fallback shader 'Universal Render Pipeline/Particles/SimpleLit' not found
Refreshing native plugins compatible for Editor in 0.58 ms, found 1 plugins.
Preloading 0 native plugins for Editor in 0.00 ms.
Unloading 3123 Unused Serialized files (Serialized files now loaded: 0)
System memory in use before: 135.8 MB.
System memory in use after: 135.9 MB.

Unloading 13 unused Assets to reduce memory usage. Loaded Objects now: 3737.
Total: 2.462300 ms (FindLiveObjects: 0.348500 ms CreateObjectMapping: 0.091700 ms MarkObjects: 1.920800 ms  DeleteObjects: 0.100100 ms)

AssetImportParameters requested are different than current active one (requested -> active):
  custom:graphics/normal-map-encoding: 01000000000000000000000000000000 -> 02000000000000000000000000000000
========================================================================
Received Prepare
Registering precompiled user dll's ...
Registered in 0.001473 seconds.
Begin MonoManager ReloadAssembly
Native extension for WindowsStandalone target not found
Refreshing native plugins compatible for Editor in 0.52 ms, found 1 plugins.
Preloading 0 native plugins for Editor in 0.00 ms.
Mono: successfully reloaded assembly
- Completed reload, in  0.836 seconds
Platform modules already initialized, skipping
Switching build target platform(5) subTarget(0) extendedPlatform(0) -> platform(13) subTarget(537395204) extendedPlatform(0)
Shader 'Universal Render Pipeline/Particles/Lit': fallback shader 'Universal Render Pipeline/Particles/SimpleLit' not found
Refreshing native plugins compatible for Editor in 0.56 ms, found 1 plugins.
Preloading 0 native plugins for Editor in 0.00 ms.
Unloading 3123 Unused Serialized files (Serialized files now loaded: 0)
System memory in use before: 135.8 MB.
System memory in use after: 135.9 MB.

Unloading 13 unused Assets to reduce memory usage. Loaded Objects now: 3741.
Total: 2.136900 ms (FindLiveObjects: 0.298500 ms CreateObjectMapping: 0.078100 ms MarkObjects: 1.666900 ms  DeleteObjects: 0.092500 ms)

AssetImportParameters requested are different than current active one (requested -> active):
  custom:graphics/normal-map-encoding: 01000000000000000000000000000000 -> 02000000000000000000000000000000
========================================================================
Received Prepare
Registering precompiled user dll's ...
Registered in 0.001322 seconds.
Begin MonoManager ReloadAssembly
Native extension for WindowsStandalone target not found
Refreshing native plugins compatible for Editor in 0.53 ms, found 1 plugins.
Preloading 0 native plugins for Editor in 0.00 ms.
Mono: successfully reloaded assembly
- Completed reload, in  0.803 seconds
Platform modules already initialized, skipping
Switching build target platform(5) subTarget(0) extendedPlatform(0) -> platform(13) subTarget(537395204) extendedPlatform(0)
Shader 'Universal Render Pipeline/Particles/Lit': fallback shader 'Universal Render Pipeline/Particles/SimpleLit' not found
Refreshing native plugins compatible for Editor in 0.54 ms, found 1 plugins.
Preloading 0 native plugins for Editor in 0.00 ms.
Unloading 3123 Unused Serialized files (Serialized files now loaded: 0)
System memory in use before: 135.8 MB.
System memory in use after: 135.9 MB.

Unloading 13 unused Assets to reduce memory usage. Loaded Objects now: 3745.
Total: 2.385500 ms (FindLiveObjects: 0.313700 ms CreateObjectMapping: 0.166800 ms MarkObjects: 1.808400 ms  DeleteObjects: 0.095600 ms)

AssetImportParameters requested are different than current active one (requested -> active):
  custom:graphics/normal-map-encoding: 01000000000000000000000000000000 -> 02000000000000000000000000000000
========================================================================
Received Prepare
Registering precompiled user dll's ...
Registered in 0.001355 seconds.
Begin MonoManager ReloadAssembly
Native extension for WindowsStandalone target not found
Refreshing native plugins compatible for Editor in 0.52 ms, found 1 plugins.
Preloading 0 native plugins for Editor in 0.00 ms.
Mono: successfully reloaded assembly
- Completed reload, in  0.815 seconds
Platform modules already initialized, skipping
Switching build target platform(5) subTarget(0) extendedPlatform(0) -> platform(13) subTarget(537395204) extendedPlatform(0)
Shader 'Universal Render Pipeline/Particles/Lit': fallback shader 'Universal Render Pipeline/Particles/SimpleLit' not found
Refreshing native plugins compatible for Editor in 0.52 ms, found 1 plugins.
Preloading 0 native plugins for Editor in 0.00 ms.
Unloading 3123 Unused Serialized files (Serialized files now loaded: 0)
System memory in use before: 135.8 MB.
System memory in use after: 135.9 MB.

Unloading 13 unused Assets to reduce memory usage. Loaded Objects now: 3749.
Total: 2.373100 ms (FindLiveObjects: 0.290100 ms CreateObjectMapping: 0.144700 ms MarkObjects: 1.843700 ms  DeleteObjects: 0.093900 ms)

AssetImportParameters requested are different than current active one (requested -> active):
  custom:graphics/normal-map-encoding: 01000000000000000000000000000000 -> 02000000000000000000000000000000
========================================================================
Received Import Request.
  Time since last request: 278.842871 seconds.
  path: Assets/StateMachines/Slasher.controller
  artifactKey: Guid(86afb481e2600a8488ab6cc49ca31ee7) Importer(815301076,1909f56bfc062723c751e8b465ee728b)
Start importing Assets/StateMachines/Slasher.controller using Guid(86afb481e2600a8488ab6cc49ca31ee7) Importer(815301076,1909f56bfc062723c751e8b465ee728b)  -> (artifact id: '0bdcceb2b45210722909a0dcc4b6048e') in 0.019595 seconds
  Import took 0.030516 seconds .

========================================================================
Received Prepare
Registering precompiled user dll's ...
Registered in 0.001294 seconds.
Begin MonoManager ReloadAssembly
Native extension for WindowsStandalone target not found
Refreshing native plugins compatible for Editor in 0.52 ms, found 1 plugins.
Preloading 0 native plugins for Editor in 0.00 ms.
Mono: successfully reloaded assembly
- Completed reload, in  0.825 seconds
Platform modules already initialized, skipping
Switching build target platform(5) subTarget(0) extendedPlatform(0) -> platform(13) subTarget(537395204) extendedPlatform(0)
Shader 'Universal Render Pipeline/Particles/Lit': fallback shader 'Universal Render Pipeline/Particles/SimpleLit' not found
Refreshing native plugins compatible for Editor in 0.54 ms, found 1 plugins.
Preloading 0 native plugins for Editor in 0.00 ms.
Unloading 3123 Unused Serialized files (Serialized files now loaded: 0)
System memory in use before: 135.8 MB.
System memory in use after: 136.0 MB.

Unloading 13 unused Assets to reduce memory usage. Loaded Objects now: 3753.
Total: 2.142200 ms (FindLiveObjects: 0.308300 ms CreateObjectMapping: 0.095600 ms MarkObjects: 1.650000 ms  DeleteObjects: 0.087400 ms)

AssetImportParameters requested are different than current active one (requested -> active):
  custom:graphics/normal-map-encoding: 01000000000000000000000000000000 -> 02000000000000000000000000000000
========================================================================
Received Prepare
Registering precompiled user dll's ...
Registered in 0.001410 seconds.
Begin MonoManager ReloadAssembly
Native extension for WindowsStandalone target not found
Refreshing native plugins compatible for Editor in 0.53 ms, found 1 plugins.
Preloading 0 native plugins for Editor in 0.00 ms.
Mono: successfully reloaded assembly
- Completed reload, in  0.838 seconds
Platform modules already initialized, skipping
Switching build target platform(5) subTarget(0) extendedPlatform(0) -> platform(13) subTarget(537395204) extendedPlatform(0)
Shader 'Universal Render Pipeline/Particles/Lit': fallback shader 'Universal Render Pipeline/Particles/SimpleLit' not found
Refreshing native plugins compatible for Editor in 0.56 ms, found 1 plugins.
Preloading 0 native plugins for Editor in 0.00 ms.
Unloading 3123 Unused Serialized files (Serialized files now loaded: 0)
System memory in use before: 135.8 MB.
System memory in use after: 136.0 MB.

Unloading 13 unused Assets to reduce memory usage. Loaded Objects now: 3757.
Total: 2.661500 ms (FindLiveObjects: 0.413900 ms CreateObjectMapping: 0.225100 ms MarkObjects: 1.925600 ms  DeleteObjects: 0.095200 ms)

AssetImportParameters requested are different than current active one (requested -> active):
  custom:graphics/normal-map-encoding: 01000000000000000000000000000000 -> 02000000000000000000000000000000
========================================================================
Received Prepare
Registering precompiled user dll's ...
Registered in 0.001272 seconds.
Begin MonoManager ReloadAssembly
Native extension for WindowsStandalone target not found
Refreshing native plugins compatible for Editor in 0.53 ms, found 1 plugins.
Preloading 0 native plugins for Editor in 0.00 ms.
Mono: successfully reloaded assembly
- Completed reload, in  0.837 seconds
Platform modules already initialized, skipping
Switching build target platform(5) subTarget(0) extendedPlatform(0) -> platform(13) subTarget(537395204) extendedPlatform(0)
Shader 'Universal Render Pipeline/Particles/Lit': fallback shader 'Universal Render Pipeline/Particles/SimpleLit' not found
Refreshing native plugins compatible for Editor in 0.53 ms, found 1 plugins.
Preloading 0 native plugins for Editor in 0.00 ms.
Unloading 3123 Unused Serialized files (Serialized files now loaded: 0)
System memory in use before: 135.9 MB.
System memory in use after: 136.0 MB.

Unloading 13 unused Assets to reduce memory usage. Loaded Objects now: 3761.
Total: 2.140700 ms (FindLiveObjects: 0.350000 ms CreateObjectMapping: 0.082100 ms MarkObjects: 1.612300 ms  DeleteObjects: 0.094600 ms)

AssetImportParameters requested are different than current active one (requested -> active):
  custom:graphics/normal-map-encoding: 01000000000000000000000000000000 -> 02000000000000000000000000000000
========================================================================
Received Prepare
Registering precompiled user dll's ...
Registered in 0.001395 seconds.
Begin MonoManager ReloadAssembly
Native extension for WindowsStandalone target not found
Refreshing native plugins compatible for Editor in 0.52 ms, found 1 plugins.
Preloading 0 native plugins for Editor in 0.00 ms.
Mono: successfully reloaded assembly
- Completed reload, in  0.845 seconds
Platform modules already initialized, skipping
Switching build target platform(5) subTarget(0) extendedPlatform(0) -> platform(13) subTarget(537395204) extendedPlatform(0)
Shader 'Universal Render Pipeline/Particles/Lit': fallback shader 'Universal Render Pipeline/Particles/SimpleLit' not found
Refreshing native plugins compatible for Editor in 0.55 ms, found 1 plugins.
Preloading 0 native plugins for Editor in 0.00 ms.
Unloading 3123 Unused Serialized files (Serialized files now loaded: 0)
System memory in use before: 135.9 MB.
System memory in use after: 136.0 MB.

Unloading 13 unused Assets to reduce memory usage. Loaded Objects now: 3765.
Total: 2.555100 ms (FindLiveObjects: 0.336700 ms CreateObjectMapping: 0.078600 ms MarkObjects: 2.035900 ms  DeleteObjects: 0.102800 ms)

AssetImportParameters requested are different than current active one (requested -> active):
  custom:graphics/normal-map-encoding: 01000000000000000000000000000000 -> 02000000000000000000000000000000
========================================================================
Received Prepare
Registering precompiled user dll's ...
Registered in 0.001314 seconds.
Begin MonoManager ReloadAssembly
Native extension for WindowsStandalone target not found
Refreshing native plugins compatible for Editor in 0.54 ms, found 1 plugins.
Preloading 0 native plugins for Editor in 0.00 ms.
Mono: successfully reloaded assembly
- Completed reload, in  0.852 seconds
Platform modules already initialized, skipping
Switching build target platform(5) subTarget(0) extendedPlatform(0) -> platform(13) subTarget(537395204) extendedPlatform(0)
Shader 'Universal Render Pipeline/Particles/Lit': fallback shader 'Universal Render Pipeline/Particles/SimpleLit' not found
Refreshing native plugins compatible for Editor in 0.53 ms, found 1 plugins.
Preloading 0 native plugins for Editor in 0.00 ms.
Unloading 3123 Unused Serialized files (Serialized files now loaded: 0)
System memory in use before: 135.9 MB.
System memory in use after: 136.0 MB.

Unloading 13 unused Assets to reduce memory usage. Loaded Objects now: 3769.
Total: 2.618400 ms (FindLiveObjects: 0.348700 ms CreateObjectMapping: 0.254600 ms MarkObjects: 1.920900 ms  DeleteObjects: 0.093400 ms)

AssetImportParameters requested are different than current active one (requested -> active):
  custom:graphics/normal-map-encoding: 01000000000000000000000000000000 -> 02000000000000000000000000000000
========================================================================
Received Prepare
Registering precompiled user dll's ...
Registered in 0.001427 seconds.
Begin MonoManager ReloadAssembly
Native extension for WindowsStandalone target not found
Refreshing native plugins compatible for Editor in 0.56 ms, found 1 plugins.
Preloading 0 native plugins for Editor in 0.00 ms.
Mono: successfully reloaded assembly
- Completed reload, in  0.871 seconds
Platform modules already initialized, skipping
Switching build target platform(5) subTarget(0) extendedPlatform(0) -> platform(13) subTarget(537395204) extendedPlatform(0)
Shader 'Universal Render Pipeline/Particles/Lit': fallback shader 'Universal Render Pipeline/Particles/SimpleLit' not found
Refreshing native plugins compatible for Editor in 0.54 ms, found 1 plugins.
Preloading 0 native plugins for Editor in 0.00 ms.
Unloading 3123 Unused Serialized files (Serialized files now loaded: 0)
System memory in use before: 135.9 MB.
System memory in use after: 136.0 MB.

Unloading 13 unused Assets to reduce memory usage. Loaded Objects now: 3773.
Total: 2.616000 ms (FindLiveObjects: 0.343400 ms CreateObjectMapping: 0.086500 ms MarkObjects: 2.090200 ms  DeleteObjects: 0.094900 ms)

AssetImportParameters requested are different than current active one (requested -> active):
  custom:graphics/normal-map-encoding: 01000000000000000000000000000000 -> 02000000000000000000000000000000
========================================================================
Received Prepare
Registering precompiled user dll's ...
Registered in 0.001413 seconds.
Begin MonoManager ReloadAssembly
Native extension for WindowsStandalone target not found
Refreshing native plugins compatible for Editor in 0.55 ms, found 1 plugins.
Preloading 0 native plugins for Editor in 0.00 ms.
Mono: successfully reloaded assembly
- Completed reload, in  0.862 seconds
Platform modules already initialized, skipping
Switching build target platform(5) subTarget(0) extendedPlatform(0) -> platform(13) subTarget(537395204) extendedPlatform(0)
Shader 'Universal Render Pipeline/Particles/Lit': fallback shader 'Universal Render Pipeline/Particles/SimpleLit' not found
Refreshing native plugins compatible for Editor in 0.52 ms, found 1 plugins.
Preloading 0 native plugins for Editor in 0.00 ms.
Unloading 3123 Unused Serialized files (Serialized files now loaded: 0)
System memory in use before: 135.9 MB.
System memory in use after: 136.0 MB.

Unloading 13 unused Assets to reduce memory usage. Loaded Objects now: 3777.
Total: 2.354600 ms (FindLiveObjects: 0.306900 ms CreateObjectMapping: 0.182400 ms MarkObjects: 1.770000 ms  DeleteObjects: 0.094500 ms)

AssetImportParameters requested are different than current active one (requested -> active):
  custom:graphics/normal-map-encoding: 01000000000000000000000000000000 -> 02000000000000000000000000000000
========================================================================
Received Prepare
Registering precompiled user dll's ...
Registered in 0.001326 seconds.
Begin MonoManager ReloadAssembly
Native extension for WindowsStandalone target not found
Refreshing native plugins compatible for Editor in 0.56 ms, found 1 plugins.
Preloading 0 native plugins for Editor in 0.00 ms.
Mono: successfully reloaded assembly
- Completed reload, in  0.867 seconds
Platform modules already initialized, skipping
Switching build target platform(5) subTarget(0) extendedPlatform(0) -> platform(13) subTarget(537395204) extendedPlatform(0)
Shader 'Universal Render Pipeline/Particles/Lit': fallback shader 'Universal Render Pipeline/Particles/SimpleLit' not found
Refreshing native plugins compatible for Editor in 0.52 ms, found 1 plugins.
Preloading 0 native plugins for Editor in 0.00 ms.
Unloading 3123 Unused Serialized files (Serialized files now loaded: 0)
System memory in use before: 135.9 MB.
System memory in use after: 136.0 MB.

Unloading 13 unused Assets to reduce memory usage. Loaded Objects now: 3781.
Total: 2.526100 ms (FindLiveObjects: 0.554800 ms CreateObjectMapping: 0.201300 ms MarkObjects: 1.674200 ms  DeleteObjects: 0.094900 ms)

AssetImportParameters requested are different than current active one (requested -> active):
  custom:graphics/normal-map-encoding: 01000000000000000000000000000000 -> 02000000000000000000000000000000
========================================================================
Received Prepare
Registering precompiled user dll's ...
Registered in 0.001546 seconds.
Begin MonoManager ReloadAssembly
Native extension for WindowsStandalone target not found
Refreshing native plugins compatible for Editor in 0.52 ms, found 1 plugins.
Preloading 0 native plugins for Editor in 0.00 ms.
Mono: successfully reloaded assembly
- Completed reload, in  0.872 seconds
Platform modules already initialized, skipping
Switching build target platform(5) subTarget(0) extendedPlatform(0) -> platform(13) subTarget(537395204) extendedPlatform(0)
Shader 'Universal Render Pipeline/Particles/Lit': fallback shader 'Universal Render Pipeline/Particles/SimpleLit' not found
Refreshing native plugins compatible for Editor in 0.53 ms, found 1 plugins.
Preloading 0 native plugins for Editor in 0.00 ms.
Unloading 3123 Unused Serialized files (Serialized files now loaded: 0)
System memory in use before: 135.9 MB.
System memory in use after: 136.0 MB.

Unloading 13 unused Assets to reduce memory usage. Loaded Objects now: 3785.
Total: 2.658300 ms (FindLiveObjects: 0.384900 ms CreateObjectMapping: 0.086300 ms MarkObjects: 2.089000 ms  DeleteObjects: 0.096200 ms)

AssetImportParameters requested are different than current active one (requested -> active):
  custom:graphics/normal-map-encoding: 01000000000000000000000000000000 -> 02000000000000000000000000000000
========================================================================
Received Prepare
Registering precompiled user dll's ...
Registered in 0.001436 seconds.
Begin MonoManager ReloadAssembly
Native extension for WindowsStandalone target not found
Refreshing native plugins compatible for Editor in 0.56 ms, found 1 plugins.
Preloading 0 native plugins for Editor in 0.00 ms.
Mono: successfully reloaded assembly
- Completed reload, in  0.880 seconds
Platform modules already initialized, skipping
Switching build target platform(5) subTarget(0) extendedPlatform(0) -> platform(13) subTarget(537395204) extendedPlatform(0)
Shader 'Universal Render Pipeline/Particles/Lit': fallback shader 'Universal Render Pipeline/Particles/SimpleLit' not found
Refreshing native plugins compatible for Editor in 0.55 ms, found 1 plugins.
Preloading 0 native plugins for Editor in 0.00 ms.
Unloading 3123 Unused Serialized files (Serialized files now loaded: 0)
System memory in use before: 135.9 MB.
System memory in use after: 136.0 MB.

Unloading 13 unused Assets to reduce memory usage. Loaded Objects now: 3789.
Total: 2.370300 ms (FindLiveObjects: 0.334400 ms CreateObjectMapping: 0.082000 ms MarkObjects: 1.861000 ms  DeleteObjects: 0.092100 ms)

AssetImportParameters requested are different than current active one (requested -> active):
  custom:graphics/normal-map-encoding: 01000000000000000000000000000000 -> 02000000000000000000000000000000
========================================================================
Received Prepare
Registering precompiled user dll's ...
Registered in 0.001362 seconds.
Begin MonoManager ReloadAssembly
Native extension for WindowsStandalone target not found
Refreshing native plugins compatible for Editor in 0.53 ms, found 1 plugins.
Preloading 0 native plugins for Editor in 0.00 ms.
Mono: successfully reloaded assembly
- Completed reload, in  0.881 seconds
Platform modules already initialized, skipping
Switching build target platform(5) subTarget(0) extendedPlatform(0) -> platform(13) subTarget(537395204) extendedPlatform(0)
Shader 'Universal Render Pipeline/Particles/Lit': fallback shader 'Universal Render Pipeline/Particles/SimpleLit' not found
Refreshing native plugins compatible for Editor in 0.56 ms, found 1 plugins.
Preloading 0 native plugins for Editor in 0.00 ms.
Unloading 3123 Unused Serialized files (Serialized files now loaded: 0)
System memory in use before: 135.9 MB.
System memory in use after: 136.0 MB.

Unloading 13 unused Assets to reduce memory usage. Loaded Objects now: 3793.
Total: 2.175000 ms (FindLiveObjects: 0.326900 ms CreateObjectMapping: 0.081900 ms MarkObjects: 1.671400 ms  DeleteObjects: 0.094100 ms)

AssetImportParameters requested are different than current active one (requested -> active):
  custom:graphics/normal-map-encoding: 01000000000000000000000000000000 -> 02000000000000000000000000000000
========================================================================
Received Prepare
Registering precompiled user dll's ...
Registered in 0.001388 seconds.
Begin MonoManager ReloadAssembly
Native extension for WindowsStandalone target not found
Refreshing native plugins compatible for Editor in 0.52 ms, found 1 plugins.
Preloading 0 native plugins for Editor in 0.00 ms.
Mono: successfully reloaded assembly
- Completed reload, in  0.887 seconds
Platform modules already initialized, skipping
Switching build target platform(5) subTarget(0) extendedPlatform(0) -> platform(13) subTarget(537395204) extendedPlatform(0)
Shader 'Universal Render Pipeline/Particles/Lit': fallback shader 'Universal Render Pipeline/Particles/SimpleLit' not found
Refreshing native plugins compatible for Editor in 0.58 ms, found 1 plugins.
Preloading 0 native plugins for Editor in 0.00 ms.
Unloading 3123 Unused Serialized files (Serialized files now loaded: 0)
System memory in use before: 135.9 MB.
System memory in use after: 136.1 MB.

Unloading 13 unused Assets to reduce memory usage. Loaded Objects now: 3797.
Total: 2.408800 ms (FindLiveObjects: 0.366400 ms CreateObjectMapping: 0.085900 ms MarkObjects: 1.854300 ms  DeleteObjects: 0.101200 ms)

AssetImportParameters requested are different than current active one (requested -> active):
  custom:graphics/normal-map-encoding: 01000000000000000000000000000000 -> 02000000000000000000000000000000
========================================================================
Received Import Request.
  Time since last request: 1248.466890 seconds.
  path: Assets/Assets.index
  artifactKey: Guid(1bc597eba5089884291bfb6cc07f8fb0) Importer(815301076,1909f56bfc062723c751e8b465ee728b)
Start importing Assets/Assets.index using Guid(1bc597eba5089884291bfb6cc07f8fb0) Importer(815301076,1909f56bfc062723c751e8b465ee728b)  -> (artifact id: '7505305c120b053cad76743c775804fc') in 0.036182 seconds
  Import took 0.040630 seconds .

========================================================================
Received Import Request.
  Time since last request: 17.669047 seconds.
  path: Assets/Sprites/Kizan/Kizan_sheet.png
  artifactKey: Guid(3892f00035efb9442bfdcedcbbd4bb86) Importer(815301076,1909f56bfc062723c751e8b465ee728b)
Start importing Assets/Sprites/Kizan/Kizan_sheet.png using Guid(3892f00035efb9442bfdcedcbbd4bb86) Importer(815301076,1909f56bfc062723c751e8b465ee728b)  -> (artifact id: 'ad5f2072dc777ae40b39a018ca64f591') in 0.042217 seconds
  Import took 0.047197 seconds .

========================================================================
Received Import Request.
  Time since last request: 1117.410172 seconds.
  path: Assets/Sprites/Kizan/Kizan_sheet 1.png
  artifactKey: Guid(5aa28c928f32a0a4686970512c6ad20f) Importer(815301076,1909f56bfc062723c751e8b465ee728b)
Start importing Assets/Sprites/Kizan/Kizan_sheet 1.png using Guid(5aa28c928f32a0a4686970512c6ad20f) Importer(815301076,1909f56bfc062723c751e8b465ee728b)  -> (artifact id: 'd223558619abe17d3bbf3809f9d01665') in 0.014204 seconds
  Import took 0.019367 seconds .

========================================================================
Received Import Request.
  Time since last request: 22.928885 seconds.
  path: Assets/Sprites/Kizan/Kizan_sheet.png
  artifactKey: Guid(3892f00035efb9442bfdcedcbbd4bb86) Importer(815301076,1909f56bfc062723c751e8b465ee728b)
Start importing Assets/Sprites/Kizan/Kizan_sheet.png using Guid(3892f00035efb9442bfdcedcbbd4bb86) Importer(815301076,1909f56bfc062723c751e8b465ee728b)  -> (artifact id: '6c88ef06255e49d231d3db2f3b0d8a7b') in 0.021678 seconds
  Import took 0.026247 seconds .

========================================================================
Received Prepare
Registering precompiled user dll's ...
Registered in 0.001377 seconds.
Begin MonoManager ReloadAssembly
Native extension for WindowsStandalone target not found
Refreshing native plugins compatible for Editor in 0.55 ms, found 1 plugins.
Preloading 0 native plugins for Editor in 0.00 ms.
Mono: successfully reloaded assembly
- Completed reload, in  0.905 seconds
Platform modules already initialized, skipping
Switching build target platform(5) subTarget(0) extendedPlatform(0) -> platform(13) subTarget(537395204) extendedPlatform(0)
Shader 'Universal Render Pipeline/Particles/Lit': fallback shader 'Universal Render Pipeline/Particles/SimpleLit' not found
Refreshing native plugins compatible for Editor in 0.58 ms, found 1 plugins.
Preloading 0 native plugins for Editor in 0.00 ms.
Unloading 3123 Unused Serialized files (Serialized files now loaded: 0)
System memory in use before: 136.0 MB.
System memory in use after: 136.1 MB.

Unloading 13 unused Assets to reduce memory usage. Loaded Objects now: 3803.
Total: 2.380100 ms (FindLiveObjects: 0.328800 ms CreateObjectMapping: 0.120200 ms MarkObjects: 1.838800 ms  DeleteObjects: 0.091500 ms)

AssetImportParameters requested are different than current active one (requested -> active):
  custom:graphics/normal-map-encoding: 01000000000000000000000000000000 -> 02000000000000000000000000000000
========================================================================
Received Import Request.
  Time since last request: 1093.841887 seconds.
  path: Assets/Sprites/Kizan/Kizan_sword.png
  artifactKey: Guid(3ff76db727f892a45889f68c7f3cb190) Importer(815301076,1909f56bfc062723c751e8b465ee728b)
Start importing Assets/Sprites/Kizan/Kizan_sword.png using Guid(3ff76db727f892a45889f68c7f3cb190) Importer(815301076,1909f56bfc062723c751e8b465ee728b)  -> (artifact id: 'c2e0695083f0f531a5f655c6eaac1665') in 0.039774 seconds
  Import took 0.044526 seconds .

========================================================================
Received Import Request.
  Time since last request: 10.745194 seconds.
  path: Assets/Sprites/Kizan/Kizan_sword.png
  artifactKey: Guid(3ff76db727f892a45889f68c7f3cb190) Importer(815301076,1909f56bfc062723c751e8b465ee728b)
Start importing Assets/Sprites/Kizan/Kizan_sword.png using Guid(3ff76db727f892a45889f68c7f3cb190) Importer(815301076,1909f56bfc062723c751e8b465ee728b)  -> (artifact id: 'c89395d1e5d85f645fc302c617d5bb07') in 0.009193 seconds
  Import took 0.014088 seconds .

========================================================================
Received Prepare
Registering precompiled user dll's ...
Registered in 0.001322 seconds.
Begin MonoManager ReloadAssembly
Native extension for WindowsStandalone target not found
Refreshing native plugins compatible for Editor in 0.59 ms, found 1 plugins.
Preloading 0 native plugins for Editor in 0.00 ms.
Mono: successfully reloaded assembly
- Completed reload, in  0.896 seconds
Platform modules already initialized, skipping
Switching build target platform(5) subTarget(0) extendedPlatform(0) -> platform(13) subTarget(537395204) extendedPlatform(0)
Shader 'Universal Render Pipeline/Particles/Lit': fallback shader 'Universal Render Pipeline/Particles/SimpleLit' not found
Refreshing native plugins compatible for Editor in 0.59 ms, found 1 plugins.
Preloading 0 native plugins for Editor in 0.00 ms.
Unloading 3123 Unused Serialized files (Serialized files now loaded: 0)
System memory in use before: 136.0 MB.
System memory in use after: 136.1 MB.

Unloading 13 unused Assets to reduce memory usage. Loaded Objects now: 3810.
Total: 2.360500 ms (FindLiveObjects: 0.337200 ms CreateObjectMapping: 0.084400 ms MarkObjects: 1.852200 ms  DeleteObjects: 0.085700 ms)

AssetImportParameters requested are different than current active one (requested -> active):
  custom:graphics/normal-map-encoding: 01000000000000000000000000000000 -> 02000000000000000000000000000000
========================================================================
Received Prepare
Registering precompiled user dll's ...
Registered in 0.001441 seconds.
Begin MonoManager ReloadAssembly
Native extension for WindowsStandalone target not found
Refreshing native plugins compatible for Editor in 0.54 ms, found 1 plugins.
Preloading 0 native plugins for Editor in 0.00 ms.
Mono: successfully reloaded assembly
- Completed reload, in  0.919 seconds
Platform modules already initialized, skipping
Switching build target platform(5) subTarget(0) extendedPlatform(0) -> platform(13) subTarget(537395204) extendedPlatform(0)
Shader 'Universal Render Pipeline/Particles/Lit': fallback shader 'Universal Render Pipeline/Particles/SimpleLit' not found
Refreshing native plugins compatible for Editor in 0.54 ms, found 1 plugins.
Preloading 0 native plugins for Editor in 0.00 ms.
Unloading 3123 Unused Serialized files (Serialized files now loaded: 0)
System memory in use before: 136.0 MB.
System memory in use after: 136.1 MB.

Unloading 13 unused Assets to reduce memory usage. Loaded Objects now: 3814.
Total: 2.141100 ms (FindLiveObjects: 0.335000 ms CreateObjectMapping: 0.080500 ms MarkObjects: 1.630600 ms  DeleteObjects: 0.093900 ms)

AssetImportParameters requested are different than current active one (requested -> active):
  custom:graphics/normal-map-encoding: 01000000000000000000000000000000 -> 02000000000000000000000000000000
========================================================================
Received Import Request.
  Time since last request: 188.984672 seconds.
  path: Assets/Sprites/Kizan/Kizan_sword.png
  artifactKey: Guid(3ff76db727f892a45889f68c7f3cb190) Importer(815301076,1909f56bfc062723c751e8b465ee728b)
Start importing Assets/Sprites/Kizan/Kizan_sword.png using Guid(3ff76db727f892a45889f68c7f3cb190) Importer(815301076,1909f56bfc062723c751e8b465ee728b)  -> (artifact id: 'c65bc819baef42f39574e92f62c29eb5') in 0.038638 seconds
  Import took 0.043637 seconds .

========================================================================
Received Prepare
Registering precompiled user dll's ...
Registered in 0.001265 seconds.
Begin MonoManager ReloadAssembly
Native extension for WindowsStandalone target not found
Refreshing native plugins compatible for Editor in 0.53 ms, found 1 plugins.
Preloading 0 native plugins for Editor in 0.00 ms.
Mono: successfully reloaded assembly
- Completed reload, in  0.910 seconds
Platform modules already initialized, skipping
Switching build target platform(5) subTarget(0) extendedPlatform(0) -> platform(13) subTarget(537395204) extendedPlatform(0)
Shader 'Universal Render Pipeline/Particles/Lit': fallback shader 'Universal Render Pipeline/Particles/SimpleLit' not found
Refreshing native plugins compatible for Editor in 0.53 ms, found 1 plugins.
Preloading 0 native plugins for Editor in 0.00 ms.
Unloading 3123 Unused Serialized files (Serialized files now loaded: 0)
System memory in use before: 136.0 MB.
System memory in use after: 136.1 MB.

Unloading 13 unused Assets to reduce memory usage. Loaded Objects now: 3819.
Total: 2.169400 ms (FindLiveObjects: 0.322800 ms CreateObjectMapping: 0.082400 ms MarkObjects: 1.671100 ms  DeleteObjects: 0.092000 ms)

AssetImportParameters requested are different than current active one (requested -> active):
  custom:graphics/normal-map-encoding: 01000000000000000000000000000000 -> 02000000000000000000000000000000
========================================================================
Received Prepare
Registering precompiled user dll's ...
Registered in 0.001293 seconds.
Begin MonoManager ReloadAssembly
Native extension for WindowsStandalone target not found
Refreshing native plugins compatible for Editor in 0.54 ms, found 1 plugins.
Preloading 0 native plugins for Editor in 0.00 ms.
Mono: successfully reloaded assembly
- Completed reload, in  0.919 seconds
Platform modules already initialized, skipping
Switching build target platform(5) subTarget(0) extendedPlatform(0) -> platform(13) subTarget(537395204) extendedPlatform(0)
Shader 'Universal Render Pipeline/Particles/Lit': fallback shader 'Universal Render Pipeline/Particles/SimpleLit' not found
Refreshing native plugins compatible for Editor in 0.54 ms, found 1 plugins.
Preloading 0 native plugins for Editor in 0.00 ms.
Unloading 3123 Unused Serialized files (Serialized files now loaded: 0)
System memory in use before: 136.0 MB.
System memory in use after: 136.1 MB.

Unloading 13 unused Assets to reduce memory usage. Loaded Objects now: 3823.
Total: 2.120500 ms (FindLiveObjects: 0.303800 ms CreateObjectMapping: 0.081600 ms MarkObjects: 1.642800 ms  DeleteObjects: 0.091300 ms)

AssetImportParameters requested are different than current active one (requested -> active):
  custom:graphics/normal-map-encoding: 01000000000000000000000000000000 -> 02000000000000000000000000000000
========================================================================
Received Prepare
Registering precompiled user dll's ...
Registered in 0.001354 seconds.
Begin MonoManager ReloadAssembly
Native extension for WindowsStandalone target not found
Refreshing native plugins compatible for Editor in 0.42 ms, found 1 plugins.
Preloading 0 native plugins for Editor in 0.00 ms.
Mono: successfully reloaded assembly
- Completed reload, in  0.915 seconds
Platform modules already initialized, skipping
Switching build target platform(5) subTarget(0) extendedPlatform(0) -> platform(13) subTarget(537395204) extendedPlatform(0)
Shader 'Universal Render Pipeline/Particles/Lit': fallback shader 'Universal Render Pipeline/Particles/SimpleLit' not found
Refreshing native plugins compatible for Editor in 0.54 ms, found 1 plugins.
Preloading 0 native plugins for Editor in 0.00 ms.
Unloading 3123 Unused Serialized files (Serialized files now loaded: 0)
System memory in use before: 136.0 MB.
System memory in use after: 136.1 MB.

Unloading 13 unused Assets to reduce memory usage. Loaded Objects now: 3827.
Total: 2.418500 ms (FindLiveObjects: 0.342300 ms CreateObjectMapping: 0.145100 ms MarkObjects: 1.835900 ms  DeleteObjects: 0.094600 ms)

AssetImportParameters requested are different than current active one (requested -> active):
  custom:graphics/normal-map-encoding: 01000000000000000000000000000000 -> 02000000000000000000000000000000
========================================================================
Received Prepare
Registering precompiled user dll's ...
Registered in 0.001286 seconds.
Begin MonoManager ReloadAssembly
Native extension for WindowsStandalone target not found
Refreshing native plugins compatible for Editor in 0.41 ms, found 1 plugins.
Preloading 0 native plugins for Editor in 0.00 ms.
Mono: successfully reloaded assembly
- Completed reload, in  0.917 seconds
Platform modules already initialized, skipping
Switching build target platform(5) subTarget(0) extendedPlatform(0) -> platform(13) subTarget(537395204) extendedPlatform(0)
Shader 'Universal Render Pipeline/Particles/Lit': fallback shader 'Universal Render Pipeline/Particles/SimpleLit' not found
Refreshing native plugins compatible for Editor in 0.59 ms, found 1 plugins.
Preloading 0 native plugins for Editor in 0.00 ms.
Unloading 3123 Unused Serialized files (Serialized files now loaded: 0)
System memory in use before: 136.0 MB.
System memory in use after: 136.1 MB.

Unloading 13 unused Assets to reduce memory usage. Loaded Objects now: 3831.
Total: 2.540300 ms (FindLiveObjects: 0.331800 ms CreateObjectMapping: 0.085200 ms MarkObjects: 2.034800 ms  DeleteObjects: 0.087800 ms)

AssetImportParameters requested are different than current active one (requested -> active):
  custom:graphics/normal-map-encoding: 01000000000000000000000000000000 -> 02000000000000000000000000000000
========================================================================
Received Prepare
Registering precompiled user dll's ...
Registered in 0.001314 seconds.
Begin MonoManager ReloadAssembly
Native extension for WindowsStandalone target not found
Refreshing native plugins compatible for Editor in 0.59 ms, found 1 plugins.
Preloading 0 native plugins for Editor in 0.00 ms.
Mono: successfully reloaded assembly
- Completed reload, in  0.954 seconds
Platform modules already initialized, skipping
Switching build target platform(5) subTarget(0) extendedPlatform(0) -> platform(13) subTarget(537395204) extendedPlatform(0)
Shader 'Universal Render Pipeline/Particles/Lit': fallback shader 'Universal Render Pipeline/Particles/SimpleLit' not found
Refreshing native plugins compatible for Editor in 0.56 ms, found 1 plugins.
Preloading 0 native plugins for Editor in 0.00 ms.
Unloading 3123 Unused Serialized files (Serialized files now loaded: 0)
System memory in use before: 136.0 MB.
System memory in use after: 136.2 MB.

Unloading 13 unused Assets to reduce memory usage. Loaded Objects now: 3835.
Total: 2.427800 ms (FindLiveObjects: 0.342800 ms CreateObjectMapping: 0.094600 ms MarkObjects: 1.886000 ms  DeleteObjects: 0.103800 ms)

AssetImportParameters requested are different than current active one (requested -> active):
  custom:graphics/normal-map-encoding: 01000000000000000000000000000000 -> 02000000000000000000000000000000
========================================================================
Received Prepare
Registering precompiled user dll's ...
Registered in 0.001407 seconds.
Begin MonoManager ReloadAssembly
Native extension for WindowsStandalone target not found
Refreshing native plugins compatible for Editor in 0.54 ms, found 1 plugins.
Preloading 0 native plugins for Editor in 0.00 ms.
Mono: successfully reloaded assembly
- Completed reload, in  0.955 seconds
Platform modules already initialized, skipping
Switching build target platform(5) subTarget(0) extendedPlatform(0) -> platform(13) subTarget(537395204) extendedPlatform(0)
Shader 'Universal Render Pipeline/Particles/Lit': fallback shader 'Universal Render Pipeline/Particles/SimpleLit' not found
Refreshing native plugins compatible for Editor in 0.53 ms, found 1 plugins.
Preloading 0 native plugins for Editor in 0.00 ms.
Unloading 3123 Unused Serialized files (Serialized files now loaded: 0)
System memory in use before: 136.0 MB.
System memory in use after: 136.2 MB.

Unloading 13 unused Assets to reduce memory usage. Loaded Objects now: 3839.
Total: 2.418800 ms (FindLiveObjects: 0.379200 ms CreateObjectMapping: 0.090500 ms MarkObjects: 1.834200 ms  DeleteObjects: 0.113800 ms)

AssetImportParameters requested are different than current active one (requested -> active):
  custom:graphics/normal-map-encoding: 01000000000000000000000000000000 -> 02000000000000000000000000000000
========================================================================
Received Prepare
Registering precompiled user dll's ...
Registered in 0.001435 seconds.
Begin MonoManager ReloadAssembly
Native extension for WindowsStandalone target not found
Refreshing native plugins compatible for Editor in 0.52 ms, found 1 plugins.
Preloading 0 native plugins for Editor in 0.00 ms.
Mono: successfully reloaded assembly
- Completed reload, in  0.950 seconds
Platform modules already initialized, skipping
Switching build target platform(5) subTarget(0) extendedPlatform(0) -> platform(13) subTarget(537395204) extendedPlatform(0)
Shader 'Universal Render Pipeline/Particles/Lit': fallback shader 'Universal Render Pipeline/Particles/SimpleLit' not found
Refreshing native plugins compatible for Editor in 0.54 ms, found 1 plugins.
Preloading 0 native plugins for Editor in 0.00 ms.
Unloading 3123 Unused Serialized files (Serialized files now loaded: 0)
System memory in use before: 136.0 MB.
System memory in use after: 136.2 MB.

Unloading 13 unused Assets to reduce memory usage. Loaded Objects now: 3843.
Total: 2.433200 ms (FindLiveObjects: 0.327500 ms CreateObjectMapping: 0.080200 ms MarkObjects: 1.925000 ms  DeleteObjects: 0.099800 ms)

AssetImportParameters requested are different than current active one (requested -> active):
  custom:graphics/normal-map-encoding: 01000000000000000000000000000000 -> 02000000000000000000000000000000
========================================================================
Received Prepare
Registering precompiled user dll's ...
Registered in 0.001375 seconds.
Begin MonoManager ReloadAssembly
Native extension for WindowsStandalone target not found
Refreshing native plugins compatible for Editor in 0.52 ms, found 1 plugins.
Preloading 0 native plugins for Editor in 0.00 ms.
Mono: successfully reloaded assembly
- Completed reload, in  0.953 seconds
Platform modules already initialized, skipping
Switching build target platform(5) subTarget(0) extendedPlatform(0) -> platform(13) subTarget(537395204) extendedPlatform(0)
Shader 'Universal Render Pipeline/Particles/Lit': fallback shader 'Universal Render Pipeline/Particles/SimpleLit' not found
Refreshing native plugins compatible for Editor in 0.53 ms, found 1 plugins.
Preloading 0 native plugins for Editor in 0.00 ms.
Unloading 3123 Unused Serialized files (Serialized files now loaded: 0)
System memory in use before: 136.1 MB.
System memory in use after: 136.2 MB.

Unloading 13 unused Assets to reduce memory usage. Loaded Objects now: 3847.
Total: 2.701800 ms (FindLiveObjects: 0.361900 ms CreateObjectMapping: 0.095700 ms MarkObjects: 2.143000 ms  DeleteObjects: 0.099600 ms)

AssetImportParameters requested are different than current active one (requested -> active):
  custom:graphics/normal-map-encoding: 01000000000000000000000000000000 -> 02000000000000000000000000000000
========================================================================
Received Prepare
Registering precompiled user dll's ...
Registered in 0.001417 seconds.
Begin MonoManager ReloadAssembly
Native extension for WindowsStandalone target not found
Refreshing native plugins compatible for Editor in 0.54 ms, found 1 plugins.
Preloading 0 native plugins for Editor in 0.00 ms.
Mono: successfully reloaded assembly
- Completed reload, in  0.957 seconds
Platform modules already initialized, skipping
Switching build target platform(5) subTarget(0) extendedPlatform(0) -> platform(13) subTarget(537395204) extendedPlatform(0)
Shader 'Universal Render Pipeline/Particles/Lit': fallback shader 'Universal Render Pipeline/Particles/SimpleLit' not found
Refreshing native plugins compatible for Editor in 0.57 ms, found 1 plugins.
Preloading 0 native plugins for Editor in 0.00 ms.
Unloading 3123 Unused Serialized files (Serialized files now loaded: 0)
System memory in use before: 136.1 MB.
System memory in use after: 136.2 MB.

Unloading 13 unused Assets to reduce memory usage. Loaded Objects now: 3851.
Total: 2.642300 ms (FindLiveObjects: 0.343100 ms CreateObjectMapping: 0.208400 ms MarkObjects: 1.999800 ms  DeleteObjects: 0.090200 ms)

AssetImportParameters requested are different than current active one (requested -> active):
  custom:graphics/normal-map-encoding: 01000000000000000000000000000000 -> 02000000000000000000000000000000
========================================================================
Received Prepare
Registering precompiled user dll's ...
Registered in 0.001362 seconds.
Begin MonoManager ReloadAssembly
Native extension for WindowsStandalone target not found
Refreshing native plugins compatible for Editor in 0.57 ms, found 1 plugins.
Preloading 0 native plugins for Editor in 0.00 ms.
Mono: successfully reloaded assembly
- Completed reload, in  0.977 seconds
Platform modules already initialized, skipping
Switching build target platform(5) subTarget(0) extendedPlatform(0) -> platform(13) subTarget(537395204) extendedPlatform(0)
Shader 'Universal Render Pipeline/Particles/Lit': fallback shader 'Universal Render Pipeline/Particles/SimpleLit' not found
Refreshing native plugins compatible for Editor in 0.56 ms, found 1 plugins.
Preloading 0 native plugins for Editor in 0.00 ms.
Unloading 3123 Unused Serialized files (Serialized files now loaded: 0)
System memory in use before: 136.1 MB.
System memory in use after: 136.2 MB.

Unloading 13 unused Assets to reduce memory usage. Loaded Objects now: 3855.
Total: 2.342900 ms (FindLiveObjects: 0.333100 ms CreateObjectMapping: 0.241500 ms MarkObjects: 1.673200 ms  DeleteObjects: 0.094400 ms)

AssetImportParameters requested are different than current active one (requested -> active):
  custom:graphics/normal-map-encoding: 01000000000000000000000000000000 -> 02000000000000000000000000000000
========================================================================
Received Prepare
Registering precompiled user dll's ...
Registered in 0.001388 seconds.
Begin MonoManager ReloadAssembly
Native extension for WindowsStandalone target not found
Refreshing native plugins compatible for Editor in 0.53 ms, found 1 plugins.
Preloading 0 native plugins for Editor in 0.00 ms.
Mono: successfully reloaded assembly
- Completed reload, in  0.967 seconds
Platform modules already initialized, skipping
Switching build target platform(5) subTarget(0) extendedPlatform(0) -> platform(13) subTarget(537395204) extendedPlatform(0)
Shader 'Universal Render Pipeline/Particles/Lit': fallback shader 'Universal Render Pipeline/Particles/SimpleLit' not found
Refreshing native plugins compatible for Editor in 0.53 ms, found 1 plugins.
Preloading 0 native plugins for Editor in 0.00 ms.
Unloading 3123 Unused Serialized files (Serialized files now loaded: 0)
System memory in use before: 136.1 MB.
System memory in use after: 136.2 MB.

Unloading 13 unused Assets to reduce memory usage. Loaded Objects now: 3859.
Total: 2.785100 ms (FindLiveObjects: 0.339100 ms CreateObjectMapping: 0.091700 ms MarkObjects: 2.247500 ms  DeleteObjects: 0.105800 ms)

AssetImportParameters requested are different than current active one (requested -> active):
  custom:graphics/normal-map-encoding: 01000000000000000000000000000000 -> 02000000000000000000000000000000
========================================================================
Received Prepare
Registering precompiled user dll's ...
Registered in 0.001359 seconds.
Begin MonoManager ReloadAssembly
Native extension for WindowsStandalone target not found
Refreshing native plugins compatible for Editor in 0.53 ms, found 1 plugins.
Preloading 0 native plugins for Editor in 0.00 ms.
Mono: successfully reloaded assembly
- Completed reload, in  0.975 seconds
Platform modules already initialized, skipping
Switching build target platform(5) subTarget(0) extendedPlatform(0) -> platform(13) subTarget(537395204) extendedPlatform(0)
Shader 'Universal Render Pipeline/Particles/Lit': fallback shader 'Universal Render Pipeline/Particles/SimpleLit' not found
Refreshing native plugins compatible for Editor in 0.55 ms, found 1 plugins.
Preloading 0 native plugins for Editor in 0.00 ms.
Unloading 3123 Unused Serialized files (Serialized files now loaded: 0)
System memory in use before: 136.1 MB.
System memory in use after: 136.2 MB.

Unloading 13 unused Assets to reduce memory usage. Loaded Objects now: 3863.
Total: 2.457700 ms (FindLiveObjects: 0.387000 ms CreateObjectMapping: 0.212900 ms MarkObjects: 1.761700 ms  DeleteObjects: 0.095300 ms)

AssetImportParameters requested are different than current active one (requested -> active):
  custom:graphics/normal-map-encoding: 01000000000000000000000000000000 -> 02000000000000000000000000000000
========================================================================
Received Import Request.
  Time since last request: 587.058806 seconds.
  path: Assets/Assets.index
  artifactKey: Guid(1bc597eba5089884291bfb6cc07f8fb0) Importer(815301076,1909f56bfc062723c751e8b465ee728b)
Start importing Assets/Assets.index using Guid(1bc597eba5089884291bfb6cc07f8fb0) Importer(815301076,1909f56bfc062723c751e8b465ee728b)  -> (artifact id: '65bdd0b0f6a5a07996dd8e2c4919e2cb') in 0.033180 seconds
  Import took 0.042605 seconds .

========================================================================
Received Import Request.
  Time since last request: 9.091990 seconds.
  path: Assets/Scenes/Initializer.unity
  artifactKey: Guid(db4e20ef893dbf34397e9e20d20d512a) Importer(815301076,1909f56bfc062723c751e8b465ee728b)
Start importing Assets/Scenes/Initializer.unity using Guid(db4e20ef893dbf34397e9e20d20d512a) Importer(815301076,1909f56bfc062723c751e8b465ee728b)  -> (artifact id: '40f8a9088d0d9ec143d98ac47011a318') in 0.006065 seconds
  Import took 0.015167 seconds .

========================================================================
Received Import Request.
  Time since last request: 22.758993 seconds.
  path: Assets/Scenes/Lab.unity
  artifactKey: Guid(f5768cf768731884ebd027f70c12d102) Importer(815301076,1909f56bfc062723c751e8b465ee728b)
Start importing Assets/Scenes/Lab.unity using Guid(f5768cf768731884ebd027f70c12d102) Importer(815301076,1909f56bfc062723c751e8b465ee728b)  -> (artifact id: '10e02fb6ce0e684231a96933b88ea2e0') in 0.010741 seconds
  Import took 0.015422 seconds .

========================================================================
Received Prepare
Registering precompiled user dll's ...
Registered in 0.001488 seconds.
Begin MonoManager ReloadAssembly
Native extension for WindowsStandalone target not found
Refreshing native plugins compatible for Editor in 0.53 ms, found 1 plugins.
Preloading 0 native plugins for Editor in 0.00 ms.
Mono: successfully reloaded assembly
- Completed reload, in  0.982 seconds
Platform modules already initialized, skipping
Switching build target platform(5) subTarget(0) extendedPlatform(0) -> platform(13) subTarget(537395204) extendedPlatform(0)
Shader 'Universal Render Pipeline/Particles/Lit': fallback shader 'Universal Render Pipeline/Particles/SimpleLit' not found
Refreshing native plugins compatible for Editor in 0.53 ms, found 1 plugins.
Preloading 0 native plugins for Editor in 0.00 ms.
Unloading 3123 Unused Serialized files (Serialized files now loaded: 0)
System memory in use before: 136.1 MB.
System memory in use after: 136.2 MB.

Unloading 13 unused Assets to reduce memory usage. Loaded Objects now: 3867.
Total: 2.401900 ms (FindLiveObjects: 0.323500 ms CreateObjectMapping: 0.086500 ms MarkObjects: 1.890400 ms  DeleteObjects: 0.100800 ms)

AssetImportParameters requested are different than current active one (requested -> active):
  custom:graphics/normal-map-encoding: 01000000000000000000000000000000 -> 02000000000000000000000000000000
========================================================================
Received Import Request.
  Time since last request: 168.484346 seconds.
  path: Assets/Assets.index
  artifactKey: Guid(1bc597eba5089884291bfb6cc07f8fb0) Importer(815301076,1909f56bfc062723c751e8b465ee728b)
Start importing Assets/Assets.index using Guid(1bc597eba5089884291bfb6cc07f8fb0) Importer(815301076,1909f56bfc062723c751e8b465ee728b)  -> (artifact id: 'e74b9e553d19c8872ef1c2a9828a4796') in 0.040305 seconds
  Import took 0.050254 seconds .

========================================================================
Received Import Request.
  Time since last request: 2.714866 seconds.
  path: Assets/Prefabs/Bosses/Slayer.prefab
  artifactKey: Guid(f69d644d16f2ed449bb0258f45c5e013) Importer(815301076,1909f56bfc062723c751e8b465ee728b)
Start importing Assets/Prefabs/Bosses/Slayer.prefab using Guid(f69d644d16f2ed449bb0258f45c5e013) Importer(815301076,1909f56bfc062723c751e8b465ee728b)  -> (artifact id: '14f7cf436d6b1156dff249ac25f3359d') in 0.154180 seconds
  Import took 0.159389 seconds .

========================================================================
Received Prepare
Registering precompiled user dll's ...
Registered in 0.001643 seconds.
Begin MonoManager ReloadAssembly
Native extension for WindowsStandalone target not found
Refreshing native plugins compatible for Editor in 0.97 ms, found 1 plugins.
Preloading 0 native plugins for Editor in 0.00 ms.
Mono: successfully reloaded assembly
- Completed reload, in  1.072 seconds
Platform modules already initialized, skipping
Switching build target platform(5) subTarget(0) extendedPlatform(0) -> platform(13) subTarget(537395204) extendedPlatform(0)
Shader 'Universal Render Pipeline/Particles/Lit': fallback shader 'Universal Render Pipeline/Particles/SimpleLit' not found
Refreshing native plugins compatible for Editor in 0.67 ms, found 1 plugins.
Preloading 0 native plugins for Editor in 0.00 ms.
Unloading 3123 Unused Serialized files (Serialized files now loaded: 0)
System memory in use before: 136.3 MB.
System memory in use after: 136.5 MB.

Unloading 14 unused Assets to reduce memory usage. Loaded Objects now: 3907.
Total: 2.964900 ms (FindLiveObjects: 0.608200 ms CreateObjectMapping: 0.089400 ms MarkObjects: 2.142700 ms  DeleteObjects: 0.123100 ms)

AssetImportParameters requested are different than current active one (requested -> active):
  custom:graphics/normal-map-encoding: 01000000000000000000000000000000 -> 02000000000000000000000000000000
========================================================================
Received Prepare
Shader 'Universal Render Pipeline/Particles/Lit': fallback shader 'Universal Render Pipeline/Particles/SimpleLit' not found
Refreshing native plugins compatible for Editor in 1.96 ms, found 1 plugins.
Preloading 0 native plugins for Editor in 0.00 ms.
Unloading 10 Unused Serialized files (Serialized files now loaded: 0)
System memory in use before: 76.4 MB.
System memory in use after: 76.5 MB.

Unloading 10 unused Assets to reduce memory usage. Loaded Objects now: 3907.
Total: 2.859900 ms (FindLiveObjects: 0.386700 ms CreateObjectMapping: 0.090800 ms MarkObjects: 2.263800 ms  DeleteObjects: 0.117600 ms)

========================================================================
Received Import Request.
  Time since last request: 495.958341 seconds.
  path: Assets/Prefabs/Character/Character.prefab
  artifactKey: Guid(801a23c1317936045951d7c48b9eba3b) Importer(815301076,1909f56bfc062723c751e8b465ee728b)
Start importing Assets/Prefabs/Character/Character.prefab using Guid(801a23c1317936045951d7c48b9eba3b) Importer(815301076,1909f56bfc062723c751e8b465ee728b)  -> (artifact id: '6d010ce76cd24eacb5784dd2387e55ee') in 0.189224 seconds
  Import took 0.195609 seconds .

========================================================================
Received Import Request.
  Time since last request: 7.698580 seconds.
  path: Assets/Prefabs/Character/Character.prefab
  artifactKey: Guid(801a23c1317936045951d7c48b9eba3b) Importer(815301076,1909f56bfc062723c751e8b465ee728b)
Start importing Assets/Prefabs/Character/Character.prefab using Guid(801a23c1317936045951d7c48b9eba3b) Importer(815301076,1909f56bfc062723c751e8b465ee728b)  -> (artifact id: '6c45388536bb92dc489f5b4497cd6c11') in 0.032451 seconds
  Import took 0.038081 seconds .

========================================================================
Received Import Request.
  Time since last request: 0.977686 seconds.
  path: Assets/Prefabs/Character/Character.prefab
  artifactKey: Guid(801a23c1317936045951d7c48b9eba3b) Importer(815301076,1909f56bfc062723c751e8b465ee728b)
Start importing Assets/Prefabs/Character/Character.prefab using Guid(801a23c1317936045951d7c48b9eba3b) Importer(815301076,1909f56bfc062723c751e8b465ee728b)  -> (artifact id: '3e9ede5c72b82afa2cc3c76a568fa203') in 0.030608 seconds
  Import took 0.036488 seconds .

========================================================================
Received Import Request.
  Time since last request: 5.256375 seconds.
  path: Assets/Prefabs/Character/Character.prefab
  artifactKey: Guid(801a23c1317936045951d7c48b9eba3b) Importer(815301076,1909f56bfc062723c751e8b465ee728b)
Start importing Assets/Prefabs/Character/Character.prefab using Guid(801a23c1317936045951d7c48b9eba3b) Importer(815301076,1909f56bfc062723c751e8b465ee728b)  -> (artifact id: '8face3436fb367cae23e3f03878ed3a5') in 0.030175 seconds
  Import took 0.036220 seconds .

========================================================================
Received Import Request.
  Time since last request: 3.897879 seconds.
  path: Assets/Prefabs/Character/Character.prefab
  artifactKey: Guid(801a23c1317936045951d7c48b9eba3b) Importer(815301076,1909f56bfc062723c751e8b465ee728b)
Start importing Assets/Prefabs/Character/Character.prefab using Guid(801a23c1317936045951d7c48b9eba3b) Importer(815301076,1909f56bfc062723c751e8b465ee728b)  -> (artifact id: '4586a9595242be691d4cec4ecdee6087') in 0.035034 seconds
  Import took 0.040741 seconds .

========================================================================
Received Prepare
Shader 'Universal Render Pipeline/Particles/Lit': fallback shader 'Universal Render Pipeline/Particles/SimpleLit' not found
Refreshing native plugins compatible for Editor in 2.18 ms, found 1 plugins.
Preloading 0 native plugins for Editor in 0.00 ms.
Unloading 10 Unused Serialized files (Serialized files now loaded: 0)
System memory in use before: 83.5 MB.
System memory in use after: 83.6 MB.

Unloading 13 unused Assets to reduce memory usage. Loaded Objects now: 3970.
Total: 6.894300 ms (FindLiveObjects: 0.762300 ms CreateObjectMapping: 0.176700 ms MarkObjects: 5.747800 ms  DeleteObjects: 0.206200 ms)

========================================================================
Received Prepare
Registering precompiled user dll's ...
Registered in 0.002408 seconds.
Begin MonoManager ReloadAssembly
Native extension for WindowsStandalone target not found
Refreshing native plugins compatible for Editor in 0.60 ms, found 1 plugins.
Preloading 0 native plugins for Editor in 0.00 ms.
Mono: successfully reloaded assembly
- Completed reload, in  1.146 seconds
Platform modules already initialized, skipping
Switching build target platform(5) subTarget(0) extendedPlatform(0) -> platform(13) subTarget(537395204) extendedPlatform(0)
Shader 'Universal Render Pipeline/Particles/Lit': fallback shader 'Universal Render Pipeline/Particles/SimpleLit' not found
Refreshing native plugins compatible for Editor in 0.55 ms, found 1 plugins.
Preloading 0 native plugins for Editor in 0.00 ms.
Unloading 3123 Unused Serialized files (Serialized files now loaded: 0)
System memory in use before: 136.6 MB.
System memory in use after: 136.7 MB.

Unloading 13 unused Assets to reduce memory usage. Loaded Objects now: 3947.
Total: 2.719100 ms (FindLiveObjects: 0.416500 ms CreateObjectMapping: 0.091500 ms MarkObjects: 2.100300 ms  DeleteObjects: 0.109700 ms)

AssetImportParameters requested are different than current active one (requested -> active):
  custom:graphics/normal-map-encoding: 01000000000000000000000000000000 -> 02000000000000000000000000000000
========================================================================
Received Prepare
Registering precompiled user dll's ...
Registered in 0.001479 seconds.
Begin MonoManager ReloadAssembly
Native extension for WindowsStandalone target not found
Refreshing native plugins compatible for Editor in 0.55 ms, found 1 plugins.
Preloading 0 native plugins for Editor in 0.00 ms.
Mono: successfully reloaded assembly
- Completed reload, in  1.011 seconds
Platform modules already initialized, skipping
Switching build target platform(5) subTarget(0) extendedPlatform(0) -> platform(13) subTarget(537395204) extendedPlatform(0)
Shader 'Universal Render Pipeline/Particles/Lit': fallback shader 'Universal Render Pipeline/Particles/SimpleLit' not found
Refreshing native plugins compatible for Editor in 0.53 ms, found 1 plugins.
Preloading 0 native plugins for Editor in 0.00 ms.
Unloading 3123 Unused Serialized files (Serialized files now loaded: 0)
System memory in use before: 136.6 MB.
System memory in use after: 136.7 MB.

Unloading 13 unused Assets to reduce memory usage. Loaded Objects now: 3951.
Total: 2.629300 ms (FindLiveObjects: 0.399400 ms CreateObjectMapping: 0.206700 ms MarkObjects: 1.916500 ms  DeleteObjects: 0.105800 ms)

AssetImportParameters requested are different than current active one (requested -> active):
  custom:graphics/normal-map-encoding: 01000000000000000000000000000000 -> 02000000000000000000000000000000
========================================================================
Received Import Request.
  Time since last request: 5122.461978 seconds.
  path: Assets/Assets.index
  artifactKey: Guid(1bc597eba5089884291bfb6cc07f8fb0) Importer(815301076,1909f56bfc062723c751e8b465ee728b)
Start importing Assets/Assets.index using Guid(1bc597eba5089884291bfb6cc07f8fb0) Importer(815301076,1909f56bfc062723c751e8b465ee728b)  -> (artifact id: 'f8442985e101fcff7a9bcd3b78adc414') in 0.038195 seconds
  Import took 0.047918 seconds .

========================================================================
Received Import Request.
  Time since last request: 42.992428 seconds.
  path: Assets/Assets.index
  artifactKey: Guid(1bc597eba5089884291bfb6cc07f8fb0) Importer(815301076,1909f56bfc062723c751e8b465ee728b)
Start importing Assets/Assets.index using Guid(1bc597eba5089884291bfb6cc07f8fb0) Importer(815301076,1909f56bfc062723c751e8b465ee728b)  -> (artifact id: '4cb300da9ee09f694e93461085b71f9d') in 0.006132 seconds
  Import took 0.012930 seconds .

========================================================================
Received Import Request.
  Time since last request: 8.419464 seconds.
  path: Assets/Assets.index
  artifactKey: Guid(1bc597eba5089884291bfb6cc07f8fb0) Importer(815301076,1909f56bfc062723c751e8b465ee728b)
Start importing Assets/Assets.index using Guid(1bc597eba5089884291bfb6cc07f8fb0) Importer(815301076,1909f56bfc062723c751e8b465ee728b)  -> (artifact id: 'b5999c654ecf6ee2f81a80b09699e1e9') in 0.005013 seconds
  Import took 0.011513 seconds .

========================================================================
Received Import Request.
  Time since last request: 3.148106 seconds.
  path: Assets/Assets.index
  artifactKey: Guid(1bc597eba5089884291bfb6cc07f8fb0) Importer(815301076,1909f56bfc062723c751e8b465ee728b)
Start importing Assets/Assets.index using Guid(1bc597eba5089884291bfb6cc07f8fb0) Importer(815301076,1909f56bfc062723c751e8b465ee728b)  -> (artifact id: '0b7e42a7b1367485bffe61aa7d12bcbf') in 0.006129 seconds
  Import took 0.012441 seconds .

========================================================================
Received Prepare
Registering precompiled user dll's ...
Registered in 0.001448 seconds.
Begin MonoManager ReloadAssembly
Native extension for WindowsStandalone target not found
Refreshing native plugins compatible for Editor in 0.54 ms, found 1 plugins.
Preloading 0 native plugins for Editor in 0.00 ms.
Mono: successfully reloaded assembly
- Completed reload, in  1.007 seconds
Platform modules already initialized, skipping
Switching build target platform(5) subTarget(0) extendedPlatform(0) -> platform(13) subTarget(537395204) extendedPlatform(0)
Shader 'Universal Render Pipeline/Particles/Lit': fallback shader 'Universal Render Pipeline/Particles/SimpleLit' not found
Refreshing native plugins compatible for Editor in 0.52 ms, found 1 plugins.
Preloading 0 native plugins for Editor in 0.00 ms.
Unloading 3123 Unused Serialized files (Serialized files now loaded: 0)
System memory in use before: 136.6 MB.
System memory in use after: 136.7 MB.

Unloading 13 unused Assets to reduce memory usage. Loaded Objects now: 3955.
Total: 2.271100 ms (FindLiveObjects: 0.380100 ms CreateObjectMapping: 0.086200 ms MarkObjects: 1.711200 ms  DeleteObjects: 0.092700 ms)

AssetImportParameters requested are different than current active one (requested -> active):
  custom:graphics/normal-map-encoding: 01000000000000000000000000000000 -> 02000000000000000000000000000000
========================================================================
Received Import Request.
  Time since last request: 69.366238 seconds.
  path: Assets/Assets.index
  artifactKey: Guid(1bc597eba5089884291bfb6cc07f8fb0) Importer(815301076,1909f56bfc062723c751e8b465ee728b)
Start importing Assets/Assets.index using Guid(1bc597eba5089884291bfb6cc07f8fb0) Importer(815301076,1909f56bfc062723c751e8b465ee728b)  -> (artifact id: '91806edb4a083ff4a1889e18bf97e8e4') in 0.035166 seconds
  Import took 0.039860 seconds .

========================================================================
Received Prepare
Registering precompiled user dll's ...
Registered in 0.001487 seconds.
Begin MonoManager ReloadAssembly
Native extension for WindowsStandalone target not found
Refreshing native plugins compatible for Editor in 0.55 ms, found 1 plugins.
Preloading 0 native plugins for Editor in 0.00 ms.
Mono: successfully reloaded assembly
- Completed reload, in  1.023 seconds
Platform modules already initialized, skipping
Switching build target platform(5) subTarget(0) extendedPlatform(0) -> platform(13) subTarget(537395204) extendedPlatform(0)
Shader 'Universal Render Pipeline/Particles/Lit': fallback shader 'Universal Render Pipeline/Particles/SimpleLit' not found
Refreshing native plugins compatible for Editor in 0.55 ms, found 1 plugins.
Preloading 0 native plugins for Editor in 0.00 ms.
Unloading 3123 Unused Serialized files (Serialized files now loaded: 0)
System memory in use before: 136.6 MB.
System memory in use after: 136.7 MB.

Unloading 13 unused Assets to reduce memory usage. Loaded Objects now: 3959.
Total: 2.243400 ms (FindLiveObjects: 0.356400 ms CreateObjectMapping: 0.078400 ms MarkObjects: 1.717600 ms  DeleteObjects: 0.090300 ms)

AssetImportParameters requested are different than current active one (requested -> active):
  custom:graphics/normal-map-encoding: 01000000000000000000000000000000 -> 02000000000000000000000000000000
========================================================================
Received Import Request.
  Time since last request: 53.472201 seconds.
  path: Assets/Prefabs/Character/Character.prefab
  artifactKey: Guid(801a23c1317936045951d7c48b9eba3b) Importer(815301076,1909f56bfc062723c751e8b465ee728b)
Start importing Assets/Prefabs/Character/Character.prefab using Guid(801a23c1317936045951d7c48b9eba3b) Importer(815301076,1909f56bfc062723c751e8b465ee728b)  -> (artifact id: 'eff38292e6a533aab01907848cf52d48') in 0.214186 seconds
  Import took 0.220029 seconds .

========================================================================
Received Prepare
Registering precompiled user dll's ...
Registered in 0.001506 seconds.
Begin MonoManager ReloadAssembly
Native extension for WindowsStandalone target not found
Refreshing native plugins compatible for Editor in 0.54 ms, found 1 plugins.
Preloading 0 native plugins for Editor in 0.00 ms.
Mono: successfully reloaded assembly
- Completed reload, in  1.036 seconds
Platform modules already initialized, skipping
Switching build target platform(5) subTarget(0) extendedPlatform(0) -> platform(13) subTarget(537395204) extendedPlatform(0)
Shader 'Universal Render Pipeline/Particles/Lit': fallback shader 'Universal Render Pipeline/Particles/SimpleLit' not found
Refreshing native plugins compatible for Editor in 0.53 ms, found 1 plugins.
Preloading 0 native plugins for Editor in 0.00 ms.
Unloading 3123 Unused Serialized files (Serialized files now loaded: 0)
System memory in use before: 136.8 MB.
System memory in use after: 136.9 MB.

Unloading 16 unused Assets to reduce memory usage. Loaded Objects now: 3999.
Total: 2.610800 ms (FindLiveObjects: 0.382000 ms CreateObjectMapping: 0.099300 ms MarkObjects: 2.010500 ms  DeleteObjects: 0.117600 ms)

AssetImportParameters requested are different than current active one (requested -> active):
  custom:graphics/normal-map-encoding: 01000000000000000000000000000000 -> 02000000000000000000000000000000
========================================================================
Received Import Request.
  Time since last request: 32.657474 seconds.
  path: Assets/Prefabs/Character/Character.prefab
  artifactKey: Guid(801a23c1317936045951d7c48b9eba3b) Importer(815301076,1909f56bfc062723c751e8b465ee728b)
Start importing Assets/Prefabs/Character/Character.prefab using Guid(801a23c1317936045951d7c48b9eba3b) Importer(815301076,1909f56bfc062723c751e8b465ee728b)  -> (artifact id: 'f76f96b96d33261b23b57589017e1260') in 0.200529 seconds
  Import took 0.206180 seconds .

========================================================================
Received Prepare
Registering precompiled user dll's ...
Registered in 0.001566 seconds.
Begin MonoManager ReloadAssembly
Native extension for WindowsStandalone target not found
Refreshing native plugins compatible for Editor in 0.53 ms, found 1 plugins.
Preloading 0 native plugins for Editor in 0.00 ms.
Mono: successfully reloaded assembly
- Completed reload, in  1.055 seconds
Platform modules already initialized, skipping
Switching build target platform(5) subTarget(0) extendedPlatform(0) -> platform(13) subTarget(537395204) extendedPlatform(0)
Shader 'Universal Render Pipeline/Particles/Lit': fallback shader 'Universal Render Pipeline/Particles/SimpleLit' not found
Refreshing native plugins compatible for Editor in 0.56 ms, found 1 plugins.
Preloading 0 native plugins for Editor in 0.00 ms.
Unloading 3123 Unused Serialized files (Serialized files now loaded: 0)
System memory in use before: 136.9 MB.
System memory in use after: 137.0 MB.

Unloading 16 unused Assets to reduce memory usage. Loaded Objects now: 4039.
Total: 2.717700 ms (FindLiveObjects: 0.330600 ms CreateObjectMapping: 0.080700 ms MarkObjects: 2.194800 ms  DeleteObjects: 0.110700 ms)

AssetImportParameters requested are different than current active one (requested -> active):
  custom:graphics/normal-map-encoding: 01000000000000000000000000000000 -> 02000000000000000000000000000000
========================================================================
Received Import Request.
  Time since last request: 191.679626 seconds.
  path: Assets/Prefabs/Character/Character.prefab
  artifactKey: Guid(801a23c1317936045951d7c48b9eba3b) Importer(815301076,1909f56bfc062723c751e8b465ee728b)
Start importing Assets/Prefabs/Character/Character.prefab using Guid(801a23c1317936045951d7c48b9eba3b) Importer(815301076,1909f56bfc062723c751e8b465ee728b)  -> (artifact id: '16f46450e3f361e058bba7a8f3db225e') in 0.186444 seconds
  Import took 0.197051 seconds .

========================================================================
Received Import Request.
  Time since last request: 0.003589 seconds.
  path: Assets/Prefabs/Character/Character.prefab
  artifactKey: Guid(801a23c1317936045951d7c48b9eba3b) Importer(815301076,1909f56bfc062723c751e8b465ee728b)
Start importing Assets/Prefabs/Character/Character.prefab using Guid(801a23c1317936045951d7c48b9eba3b) Importer(815301076,1909f56bfc062723c751e8b465ee728b)  -> (artifact id: '16f46450e3f361e058bba7a8f3db225e') in 0.032210 seconds
  Import took 0.038061 seconds .

========================================================================
Received Import Request.
  Time since last request: 6.186160 seconds.
  path: Assets/Assets.index
  artifactKey: Guid(1bc597eba5089884291bfb6cc07f8fb0) Importer(815301076,1909f56bfc062723c751e8b465ee728b)
Start importing Assets/Assets.index using Guid(1bc597eba5089884291bfb6cc07f8fb0) Importer(815301076,1909f56bfc062723c751e8b465ee728b)  -> (artifact id: '39a531991681e5d3a7207c436d779cb3') in 0.022114 seconds
  Import took 0.026897 seconds .

========================================================================
Received Import Request.
  Time since last request: 69.207717 seconds.
  path: Assets/Prefabs/Bosses/Abilities/MultiSlash.prefab
  artifactKey: Guid(392409c0b4e89394d99e7408a6462d5b) Importer(815301076,1909f56bfc062723c751e8b465ee728b)
Start importing Assets/Prefabs/Bosses/Abilities/MultiSlash.prefab using Guid(392409c0b4e89394d99e7408a6462d5b) Importer(815301076,1909f56bfc062723c751e8b465ee728b)  -> (artifact id: 'aaf432fbd7085340ca6b7480ab9d405b') in 0.008245 seconds
  Import took 0.013043 seconds .

========================================================================
Received Import Request.
  Time since last request: 43.255139 seconds.
  path: Assets/Prefabs/Bosses/Abilities/MultiSlash.prefab
  artifactKey: Guid(392409c0b4e89394d99e7408a6462d5b) Importer(815301076,1909f56bfc062723c751e8b465ee728b)
Start importing Assets/Prefabs/Bosses/Abilities/MultiSlash.prefab using Guid(392409c0b4e89394d99e7408a6462d5b) Importer(815301076,1909f56bfc062723c751e8b465ee728b)  -> (artifact id: '88c0c58d961005da8a23a0dee260fa32') in 0.003325 seconds
  Import took 0.007880 seconds .

========================================================================
Received Import Request.
  Time since last request: 9.327923 seconds.
  path: Assets/Prefabs/Bosses/Abilities/MultiSlash.prefab
  artifactKey: Guid(392409c0b4e89394d99e7408a6462d5b) Importer(815301076,1909f56bfc062723c751e8b465ee728b)
Start importing Assets/Prefabs/Bosses/Abilities/MultiSlash.prefab using Guid(392409c0b4e89394d99e7408a6462d5b) Importer(815301076,1909f56bfc062723c751e8b465ee728b)  -> (artifact id: 'e90fac609b9925d727eff3a846ef8246') in 0.003309 seconds
  Import took 0.007823 seconds .

========================================================================
Received Import Request.
  Time since last request: 22.852547 seconds.
  path: Assets/Prefabs/Bosses/Abilities/MultiSlash.prefab
  artifactKey: Guid(392409c0b4e89394d99e7408a6462d5b) Importer(815301076,1909f56bfc062723c751e8b465ee728b)
Start importing Assets/Prefabs/Bosses/Abilities/MultiSlash.prefab using Guid(392409c0b4e89394d99e7408a6462d5b) Importer(815301076,1909f56bfc062723c751e8b465ee728b)  -> (artifact id: '2dd4ca404a0f75714d7fe7d65bb8a00b') in 0.003419 seconds
  Import took 0.008199 seconds .

========================================================================
Received Import Request.
  Time since last request: 1.125422 seconds.
  path: Assets/Prefabs/Bosses/Abilities/MultiSlash.prefab
  artifactKey: Guid(392409c0b4e89394d99e7408a6462d5b) Importer(815301076,1909f56bfc062723c751e8b465ee728b)
Start importing Assets/Prefabs/Bosses/Abilities/MultiSlash.prefab using Guid(392409c0b4e89394d99e7408a6462d5b) Importer(815301076,1909f56bfc062723c751e8b465ee728b)  -> (artifact id: 'f9a5280748b6a831795ebccf54c7f056') in 0.003187 seconds
  Import took 0.007788 seconds .

========================================================================
Received Import Request.
  Time since last request: 33.070397 seconds.
  path: Assets/Prefabs/Bosses/Abilities/MultiSlash.prefab
  artifactKey: Guid(392409c0b4e89394d99e7408a6462d5b) Importer(815301076,1909f56bfc062723c751e8b465ee728b)
Start importing Assets/Prefabs/Bosses/Abilities/MultiSlash.prefab using Guid(392409c0b4e89394d99e7408a6462d5b) Importer(815301076,1909f56bfc062723c751e8b465ee728b)  -> (artifact id: '87786a503e14fff793280f30dd76037a') in 0.003479 seconds
  Import took 0.008002 seconds .

========================================================================
Received Import Request.
  Time since last request: 5.537326 seconds.
  path: Assets/Prefabs/Bosses/Abilities/MultiSlash.prefab
  artifactKey: Guid(392409c0b4e89394d99e7408a6462d5b) Importer(815301076,1909f56bfc062723c751e8b465ee728b)
Start importing Assets/Prefabs/Bosses/Abilities/MultiSlash.prefab using Guid(392409c0b4e89394d99e7408a6462d5b) Importer(815301076,1909f56bfc062723c751e8b465ee728b)  -> (artifact id: 'd2a4ba45848c5b4986cfe756c7c5c2f4') in 0.003447 seconds
  Import took 0.007846 seconds .

========================================================================
Received Import Request.
  Time since last request: 2.286553 seconds.
  path: Assets/Prefabs/Bosses/Abilities/MultiSlash.prefab
  artifactKey: Guid(392409c0b4e89394d99e7408a6462d5b) Importer(815301076,1909f56bfc062723c751e8b465ee728b)
Start importing Assets/Prefabs/Bosses/Abilities/MultiSlash.prefab using Guid(392409c0b4e89394d99e7408a6462d5b) Importer(815301076,1909f56bfc062723c751e8b465ee728b)  -> (artifact id: '836f362888669a1021539ea218ab04ec') in 0.003280 seconds
  Import took 0.007918 seconds .

========================================================================
Received Import Request.
  Time since last request: 65.221648 seconds.
  path: Assets/StateMachines/Slasher.controller
  artifactKey: Guid(86afb481e2600a8488ab6cc49ca31ee7) Importer(815301076,1909f56bfc062723c751e8b465ee728b)
Start importing Assets/StateMachines/Slasher.controller using Guid(86afb481e2600a8488ab6cc49ca31ee7) Importer(815301076,1909f56bfc062723c751e8b465ee728b)  -> (artifact id: '9f2dd969615c20e70ed6d11762bc90b5') in 0.011865 seconds
  Import took 0.021292 seconds .

AssetImportWorkerClient::OnTransportError - code=2 error=End of file
