Using pre-set license
Built from '2020.3/release' branch; Version is '2020.3.7f1 (dd97f2c94397) revision 14522354'; Using compiler version '192528614'; Build Type 'Release'
OS: 'Windows 10 Pro; OS build 19043.985; Version 2009; 64bit' Language: 'it' Physical Memory: 16329 MB
BatchMode: 1, IsHumanControllingUs: 0, StartBugReporterOnCrash: 0, Is64bit: 1, IsPro: 0

 COMMAND LINE ARGUMENTS:
C:\Program Files\Unity\Hub\Editor\2020.3.7f1\Editor\Unity.exe
-adb2
-batchMode
-noUpm
-name
AssetImportWorker2
-projectPath
C:/Users/matteo/Documents/Progetti/Unity/RoguelikeHS
-logFile
Logs/AssetImportWorker2.log
-srvPort
52735
Successfully changed project path to: C:/Users/matteo/Documents/Progetti/Unity/RoguelikeHS
C:/Users/matteo/Documents/Progetti/Unity/RoguelikeHS
Using Asset Import Pipeline V2.
Refreshing native plugins compatible for Editor in 49.93 ms, found 1 plugins.
Preloading 0 native plugins for Editor in 0.00 ms.
Initialize engine version: 2020.3.7f1 (dd97f2c94397)
[Subsystems] Discovering subsystems at path C:/Program Files/Unity/Hub/Editor/2020.3.7f1/Editor/Data/Resources/UnitySubsystems
[Subsystems] Discovering subsystems at path C:/Users/matteo/Documents/Progetti/Unity/RoguelikeHS/Assets
GfxDevice: creating device client; threaded=0
Direct3D:
    Version:  Direct3D 11.0 [level 11.1]
    Renderer: NVIDIA GeForce GTX 1080 (ID=0x1b80)
    Vendor:   
    VRAM:     8079 MB
    Driver:   27.21.14.6647
Shader 'Universal Render Pipeline/Particles/Lit': fallback shader 'Universal Render Pipeline/Particles/SimpleLit' not found
Initialize mono
Mono path[0] = 'C:/Program Files/Unity/Hub/Editor/2020.3.7f1/Editor/Data/Managed'
Mono path[1] = 'C:/Program Files/Unity/Hub/Editor/2020.3.7f1/Editor/Data/MonoBleedingEdge/lib/mono/unityjit'
Mono config path = 'C:/Program Files/Unity/Hub/Editor/2020.3.7f1/Editor/Data/MonoBleedingEdge/etc'
Using monoOptions --debugger-agent=transport=dt_socket,embedding=1,server=y,suspend=n,address=127.0.0.1:56568
Begin MonoManager ReloadAssembly
Registering precompiled unity dll's ...
Register platform support module: C:/Program Files/Unity/Hub/Editor/2020.3.7f1/Editor/Data/PlaybackEngines/WindowsStandaloneSupport/UnityEditor.WindowsStandalone.Extensions.dll
Registered in 0.001674 seconds.
Native extension for WindowsStandalone target not found
Refreshing native plugins compatible for Editor in 50.78 ms, found 1 plugins.
Preloading 0 native plugins for Editor in 0.00 ms.
Mono: successfully reloaded assembly
- Completed reload, in  2.199 seconds
Platform modules already initialized, skipping
Registering precompiled user dll's ...
Registered in 0.001541 seconds.
Begin MonoManager ReloadAssembly
Native extension for WindowsStandalone target not found
Refreshing native plugins compatible for Editor in 52.38 ms, found 1 plugins.
Preloading 0 native plugins for Editor in 0.00 ms.
Mono: successfully reloaded assembly
- Completed reload, in  0.875 seconds
Platform modules already initialized, skipping
========================================================================
Worker process is ready to serve import requests
Shader 'Universal Render Pipeline/Particles/Lit': fallback shader 'Universal Render Pipeline/Particles/SimpleLit' not found
Launched and connected shader compiler UnityShaderCompiler.exe after 0.08 seconds
Refreshing native plugins compatible for Editor in 0.54 ms, found 1 plugins.
Preloading 0 native plugins for Editor in 0.00 ms.
Unloading 3232 Unused Serialized files (Serialized files now loaded: 0)
System memory in use before: 139.0 MB.
System memory in use after: 139.1 MB.

Unloading 24 unused Assets to reduce memory usage. Loaded Objects now: 3675.
Total: 2.565400 ms (FindLiveObjects: 0.322200 ms CreateObjectMapping: 0.084700 ms MarkObjects: 2.038400 ms  DeleteObjects: 0.119000 ms)

========================================================================
Received Import Request.
  path: Assets/Assets.index
  artifactKey: Guid(1bc597eba5089884291bfb6cc07f8fb0) Importer(815301076,1909f56bfc062723c751e8b465ee728b)
Start importing Assets/Assets.index using Guid(1bc597eba5089884291bfb6cc07f8fb0) Importer(815301076,1909f56bfc062723c751e8b465ee728b)  -> (artifact id: '3aa327ca997db16daf965adac8e41530') in 0.051476 seconds
  Import took 0.055955 seconds .

========================================================================
Received Prepare
Shader 'Universal Render Pipeline/Particles/Lit': fallback shader 'Universal Render Pipeline/Particles/SimpleLit' not found
Refreshing native plugins compatible for Editor in 1.98 ms, found 1 plugins.
Preloading 0 native plugins for Editor in 0.00 ms.
Unloading 10 Unused Serialized files (Serialized files now loaded: 0)
System memory in use before: 70.3 MB.
System memory in use after: 70.4 MB.

Unloading 10 unused Assets to reduce memory usage. Loaded Objects now: 3675.
Total: 2.979800 ms (FindLiveObjects: 0.315300 ms CreateObjectMapping: 0.088800 ms MarkObjects: 2.477400 ms  DeleteObjects: 0.097400 ms)

========================================================================
Received Import Request.
  Time since last request: 35.552216 seconds.
  path: ProjectSettings/TagManager.asset
  artifactKey: Guid(00000000000000003000000000000000) Importer(815301076,1909f56bfc062723c751e8b465ee728b)
Start importing ProjectSettings/TagManager.asset using Guid(00000000000000003000000000000000) Importer(815301076,1909f56bfc062723c751e8b465ee728b)  -> (artifact id: '9d8d65636839b92d2c19b1413e66c01f') in 0.012146 seconds
  Import took 0.016955 seconds .

========================================================================
Received Import Request.
  Time since last request: 18.528239 seconds.
  path: Assets/Prefabs/Bosses/Slayer.prefab
  artifactKey: Guid(f69d644d16f2ed449bb0258f45c5e013) Importer(815301076,1909f56bfc062723c751e8b465ee728b)
Start importing Assets/Prefabs/Bosses/Slayer.prefab using Guid(f69d644d16f2ed449bb0258f45c5e013) Importer(815301076,1909f56bfc062723c751e8b465ee728b)  -> (artifact id: '99d8548853ce3e4b85295409e0b1aa52') in 0.186082 seconds
  Import took 0.191593 seconds .

========================================================================
Received Import Request.
  Time since last request: 1.962794 seconds.
  path: Assets/Prefabs/Bosses/Slayer.prefab
  artifactKey: Guid(f69d644d16f2ed449bb0258f45c5e013) Importer(815301076,1909f56bfc062723c751e8b465ee728b)
Start importing Assets/Prefabs/Bosses/Slayer.prefab using Guid(f69d644d16f2ed449bb0258f45c5e013) Importer(815301076,1909f56bfc062723c751e8b465ee728b)  -> (artifact id: 'e62fab14b18dc78ef145d99e2df2636d') in 0.020016 seconds
  Import took 0.025413 seconds .

========================================================================
Received Prepare
Registering precompiled user dll's ...
Registered in 0.001493 seconds.
Begin MonoManager ReloadAssembly
Native extension for WindowsStandalone target not found
Refreshing native plugins compatible for Editor in 0.55 ms, found 1 plugins.
Preloading 0 native plugins for Editor in 0.00 ms.
Mono: successfully reloaded assembly
- Completed reload, in  0.819 seconds
Platform modules already initialized, skipping
Switching build target platform(5) subTarget(0) extendedPlatform(0) -> platform(13) subTarget(537395204) extendedPlatform(0)
Shader 'Universal Render Pipeline/Particles/Lit': fallback shader 'Universal Render Pipeline/Particles/SimpleLit' not found
Refreshing native plugins compatible for Editor in 0.53 ms, found 1 plugins.
Preloading 0 native plugins for Editor in 0.00 ms.
Unloading 3123 Unused Serialized files (Serialized files now loaded: 0)
System memory in use before: 135.7 MB.
System memory in use after: 135.8 MB.

Unloading 14 unused Assets to reduce memory usage. Loaded Objects now: 3725.
Total: 2.070500 ms (FindLiveObjects: 0.280900 ms CreateObjectMapping: 0.076300 ms MarkObjects: 1.627200 ms  DeleteObjects: 0.084900 ms)

AssetImportParameters requested are different than current active one (requested -> active):
  custom:graphics/normal-map-encoding: 01000000000000000000000000000000 -> 02000000000000000000000000000000
========================================================================
Received Import Request.
  Time since last request: 65.159380 seconds.
  path: Assets/Prefabs/Character.prefab
  artifactKey: Guid(801a23c1317936045951d7c48b9eba3b) Importer(815301076,1909f56bfc062723c751e8b465ee728b)
Start importing Assets/Prefabs/Character.prefab using Guid(801a23c1317936045951d7c48b9eba3b) Importer(815301076,1909f56bfc062723c751e8b465ee728b)  -> (artifact id: '414c5bc3febcb8552d92e0cc755fc175') in 0.194165 seconds
  Import took 0.204251 seconds .

========================================================================
Received Prepare
Registering precompiled user dll's ...
Registered in 0.001401 seconds.
Begin MonoManager ReloadAssembly
Native extension for WindowsStandalone target not found
Refreshing native plugins compatible for Editor in 0.54 ms, found 1 plugins.
Preloading 0 native plugins for Editor in 0.00 ms.
Mono: successfully reloaded assembly
- Completed reload, in  0.824 seconds
Platform modules already initialized, skipping
Switching build target platform(5) subTarget(0) extendedPlatform(0) -> platform(13) subTarget(537395204) extendedPlatform(0)
Shader 'Universal Render Pipeline/Particles/Lit': fallback shader 'Universal Render Pipeline/Particles/SimpleLit' not found
Refreshing native plugins compatible for Editor in 0.57 ms, found 1 plugins.
Preloading 0 native plugins for Editor in 0.00 ms.
Unloading 3123 Unused Serialized files (Serialized files now loaded: 0)
System memory in use before: 135.9 MB.
System memory in use after: 136.0 MB.

Unloading 16 unused Assets to reduce memory usage. Loaded Objects now: 3765.
Total: 2.356600 ms (FindLiveObjects: 0.324300 ms CreateObjectMapping: 0.094100 ms MarkObjects: 1.835400 ms  DeleteObjects: 0.101800 ms)

AssetImportParameters requested are different than current active one (requested -> active):
  custom:graphics/normal-map-encoding: 01000000000000000000000000000000 -> 02000000000000000000000000000000
========================================================================
Received Prepare
Shader 'Universal Render Pipeline/Particles/Lit': fallback shader 'Universal Render Pipeline/Particles/SimpleLit' not found
Refreshing native plugins compatible for Editor in 1.95 ms, found 1 plugins.
Preloading 0 native plugins for Editor in 0.00 ms.
Unloading 10 Unused Serialized files (Serialized files now loaded: 0)
System memory in use before: 75.9 MB.
System memory in use after: 76.0 MB.

Unloading 10 unused Assets to reduce memory usage. Loaded Objects now: 3765.
Total: 2.417600 ms (FindLiveObjects: 0.345800 ms CreateObjectMapping: 0.252300 ms MarkObjects: 1.721700 ms  DeleteObjects: 0.096900 ms)

AssetImportWorkerClient::OnTransportError - code=2 error=End of file
